#
# There is insufficient memory for the Java Runtime Environment to continue.
# Native memory allocation (malloc) failed to allocate 2097152 bytes for AllocateHeap
# Possible reasons:
#   The system is out of physical RAM or swap space
#   The process is running with CompressedOops enabled, and the Java Heap may be blocking the growth of the native heap
# Possible solutions:
#   Reduce memory load on the system
#   Increase physical memory or swap space
#   Check if swap backing store is full
#   Decrease Java heap size (-Xmx/-Xms)
#   Decrease number of Java threads
#   Decrease Java thread stack sizes (-Xss)
#   Set larger code cache with -XX:ReservedCodeCacheSize=
#   JVM is running with Unscaled Compressed Oops mode in which the Java heap is
#     placed in the first 4GB address space. The Java Heap base address is the
#     maximum limit for the native heap growth. Please use -XX:HeapBaseMinAddress
#     to set the Java Heap base and to place the Java Heap above 4GB virtual address.
# This output file may be truncated or incomplete.
#
#  Out of Memory Error (allocation.cpp:44), pid=3492, tid=11796
#
# JRE version: OpenJDK Runtime Environment Temurin-17.0.5+8 (17.0.5+8) (build 17.0.5+8)
# Java VM: OpenJDK 64-Bit Server VM Temurin-17.0.5+8 (17.0.5+8, mixed mode, emulated-client, tiered, compressed oops, compressed class ptrs, g1 gc, windows-amd64)
# No core dump will be written. Minidumps are not enabled by default on client versions of Windows
#

---------------  S U M M A R Y ------------

Command Line: -Dsts.lsp.client=vscode -Dsts.log.file=/dev/null -XX:TieredStopAtLevel=1 -Xlog:jni+resolve=off -Dspring.config.location=file:c:\Users\a832439\.vscode\extensions\pivotal.vscode-spring-boot-1.43.0\language-server\BOOT-INF\classes\application.properties org.springframework.ide.vscode.boot.app.BootLanguageServerBootApp

Host: Intel(R) Core(TM) i5-10210U CPU @ 1.60GHz, 8 cores, 7G,  Windows 10 , 64 bit Build 19041 (10.0.19041.2364)
Time: Thu Jan 12 21:28:23 2023 Hora oficial do Brasil elapsed time: 1144.225824 seconds (0d 0h 19m 4s)

---------------  T H R E A D  ---------------

Current thread (0x000002217ead6aa0):  VMThread "VM Thread" [stack: 0x000000250f000000,0x000000250f100000] [id=11796]

Stack: [0x000000250f000000,0x000000250f100000]
Native frames: (J=compiled Java code, j=interpreted, Vv=VM code, C=native code)
V  [jvm.dll+0x676b3a]
V  [jvm.dll+0x831444]
V  [jvm.dll+0x832bee]
V  [jvm.dll+0x833253]
V  [jvm.dll+0x244ce5]
V  [jvm.dll+0xa631f]
V  [jvm.dll+0x2f4f91]
V  [jvm.dll+0x2f0c10]
V  [jvm.dll+0x2d92f7]
V  [jvm.dll+0x31c3b7]
V  [jvm.dll+0x8376fb]
V  [jvm.dll+0x838434]
V  [jvm.dll+0x83894c]
V  [jvm.dll+0x838d24]
V  [jvm.dll+0x838df0]
V  [jvm.dll+0x7e17ea]
V  [jvm.dll+0x6759e5]
C  [ucrtbase.dll+0x21bb2]
C  [KERNEL32.DLL+0x17614]
C  [ntdll.dll+0x526a1]

VM_Operation (0x00000025108fef60): G1CollectFull, mode: safepoint, requested by thread 0x0000022103240340


---------------  P R O C E S S  ---------------

Threads class SMR info:
_java_thread_list=0x000002210333f5c0, length=77, elements={
0x000002217eaec730, 0x000002217eaed5a0, 0x000002217eb062f0, 0x000002217eb07eb0,
0x000002217eb08860, 0x000002217f537bf0, 0x000002217f5394c0, 0x000002217f539dc0,
0x000002217f769a00, 0x000002217f76bee0, 0x00000221030d1050, 0x0000022103240340,
0x000002210315a050, 0x000002217385b630, 0x0000022103102560, 0x0000022102ee5dd0,
0x0000022102a5bd70, 0x0000022102a699c0, 0x0000022102a6ad50, 0x0000022102a6b6f0,
0x0000022102a69ee0, 0x0000022103411910, 0x00000221034135f0, 0x0000022103414e00,
0x0000022103412780, 0x0000022103415c70, 0x0000022103416610, 0x000002210340edc0,
0x0000022103412c50, 0x0000022103414930, 0x00000221034157a0, 0x0000022103413ac0,
0x0000022103413f90, 0x0000022103416140, 0x00000221034122b0, 0x000002210340f290,
0x000002210340fc30, 0x0000022103414460, 0x0000022102a6a3b0, 0x0000022102a6a880,
0x0000022102a6b220, 0x000002210669d710, 0x000002210669d240, 0x000002210669f3f0,
0x00000221066a2410, 0x00000221066a28e0, 0x000002210669ba30, 0x00000221066a2db0,
0x000002210669dbe0, 0x00000221066a0260, 0x00000221066a0730, 0x000002210669e580,
0x00000221066a1f40, 0x00000221066a10d0, 0x000002210669ef20, 0x00000221066a15a0,
0x00000221066a1a70, 0x000002210669c3d0, 0x000002210669c8a0, 0x000002210669cd70,
0x00000221058ad240, 0x00000221058adbe0, 0x00000221058acd70, 0x00000221058b0730,
0x00000221058ae0b0, 0x00000221058ab560, 0x00000221058afd90, 0x00000221058ae580,
0x00000221058b15a0, 0x00000221058b10d0, 0x00000221058ad710, 0x00000221058aa220,
0x00000221058b0c00, 0x00000221058aa6f0, 0x00000221058aabc0, 0x00000221058ac8a0,
0x00000221058aba30
}

Java Threads: ( => current thread )
  0x000002217eaec730 JavaThread "Reference Handler" daemon [_thread_blocked, id=16304, stack(0x000000250f100000,0x000000250f200000)]
  0x000002217eaed5a0 JavaThread "Finalizer" daemon [_thread_blocked, id=16316, stack(0x000000250f200000,0x000000250f300000)]
  0x000002217eb062f0 JavaThread "Signal Dispatcher" daemon [_thread_blocked, id=12420, stack(0x000000250f300000,0x000000250f400000)]
  0x000002217eb07eb0 JavaThread "Attach Listener" daemon [_thread_blocked, id=14412, stack(0x000000250f400000,0x000000250f500000)]
  0x000002217eb08860 JavaThread "Service Thread" daemon [_thread_blocked, id=14672, stack(0x000000250f500000,0x000000250f600000)]
  0x000002217f537bf0 JavaThread "Monitor Deflation Thread" daemon [_thread_blocked, id=10752, stack(0x000000250f600000,0x000000250f700000)]
  0x000002217f5394c0 JavaThread "C1 CompilerThread0" daemon [_thread_blocked, id=15792, stack(0x000000250f700000,0x000000250f800000)]
  0x000002217f539dc0 JavaThread "Sweeper thread" daemon [_thread_blocked, id=15432, stack(0x000000250f800000,0x000000250f900000)]
  0x000002217f769a00 JavaThread "Notification Thread" daemon [_thread_blocked, id=15144, stack(0x000000250fb00000,0x000000250fc00000)]
  0x000002217f76bee0 JavaThread "Common-Cleaner" daemon [_thread_blocked, id=1784, stack(0x000000250fd00000,0x000000250fe00000)]
  0x00000221030d1050 JavaThread "boundedElastic-evictor-1" daemon [_thread_blocked, id=6888, stack(0x0000002510600000,0x0000002510700000)]
  0x0000022103240340 JavaThread "pool-11-thread-1" [_thread_blocked, id=7876, stack(0x0000002510800000,0x0000002510900000)]
  0x000002210315a050 JavaThread "LanguageServerApp-lifecycle" [_thread_blocked, id=6576, stack(0x0000002510900000,0x0000002510a00000)]
  0x000002217385b630 JavaThread "DestroyJavaVM" [_thread_blocked, id=15528, stack(0x000000250ea00000,0x000000250eb00000)]
  0x0000022103102560 JavaThread "pool-12-thread-1" [_thread_in_native, id=7952, stack(0x0000002510a00000,0x0000002510b00000)]
  0x0000022102ee5dd0 JavaThread "Simple-Language-Server main thread" daemon [_thread_blocked, id=1172, stack(0x0000002510b00000,0x0000002510c00000)]
  0x0000022102a5bd70 JavaThread "pool-8-thread-1" [_thread_blocked, id=15604, stack(0x0000002510f00000,0x0000002511000000)]
  0x0000022102a699c0 JavaThread "parallel-1" daemon [_thread_blocked, id=11828, stack(0x0000002511000000,0x0000002511100000)]
  0x0000022102a6ad50 JavaThread "parallel-2" daemon [_thread_blocked, id=16256, stack(0x0000002511100000,0x0000002511200000)]
  0x0000022102a6b6f0 JavaThread "parallel-3" daemon [_thread_blocked, id=16056, stack(0x0000002511200000,0x0000002511300000)]
  0x0000022102a69ee0 JavaThread "parallel-4" daemon [_thread_blocked, id=8944, stack(0x0000002511400000,0x0000002511500000)]
  0x0000022103411910 JavaThread "Reconciler-1" daemon [_thread_blocked, id=10012, stack(0x0000002512400000,0x0000002512500000)]
  0x00000221034135f0 JavaThread "pool-6-thread-1" [_thread_blocked, id=17120, stack(0x0000002512700000,0x0000002512800000)]
  0x0000022103414e00 JavaThread "pool-10-thread-1" [_thread_blocked, id=14628, stack(0x0000002512800000,0x0000002512900000)]
  0x0000022103412780 JavaThread "parallel-5" daemon [_thread_blocked, id=16100, stack(0x0000002512900000,0x0000002512a00000)]
  0x0000022103415c70 JavaThread "parallel-6" daemon [_thread_blocked, id=10832, stack(0x0000002512b00000,0x0000002512c00000)]
  0x0000022103416610 JavaThread "pool-10-thread-2" [_thread_blocked, id=6720, stack(0x0000002512c00000,0x0000002512d00000)]
  0x000002210340edc0 JavaThread "parallel-7" daemon [_thread_blocked, id=16200, stack(0x0000002512d00000,0x0000002512e00000)]
  0x0000022103412c50 JavaThread "pool-10-thread-3" [_thread_blocked, id=7864, stack(0x0000002513000000,0x0000002513100000)]
  0x0000022103414930 JavaThread "parallel-8" daemon [_thread_blocked, id=15588, stack(0x0000002511600000,0x0000002511700000)]
  0x00000221034157a0 JavaThread "ForkJoinPool.commonPool-worker-5" daemon [_thread_blocked, id=472, stack(0x000000250e900000,0x000000250ea00000)]
  0x0000022103413ac0 JavaThread "ForkJoinPool.commonPool-worker-6" daemon [_thread_blocked, id=7236, stack(0x0000002510200000,0x0000002510300000)]
  0x0000022103413f90 JavaThread "ForkJoinPool.commonPool-worker-7" daemon [_thread_blocked, id=15520, stack(0x0000002510c00000,0x0000002510d00000)]
  0x0000022103416140 JavaThread "ForkJoinPool.commonPool-worker-8" daemon [_thread_blocked, id=16852, stack(0x0000002510d00000,0x0000002510e00000)]
  0x00000221034122b0 JavaThread "ForkJoinPool.commonPool-worker-10" daemon [_thread_blocked, id=15572, stack(0x0000002510e00000,0x0000002510f00000)]
  0x000002210340f290 JavaThread "ForkJoinPool.commonPool-worker-11" daemon [_thread_blocked, id=14860, stack(0x0000002511300000,0x0000002511400000)]
  0x000002210340fc30 JavaThread "ForkJoinPool.commonPool-worker-9" daemon [_thread_blocked, id=13448, stack(0x0000002511700000,0x0000002511800000)]
  0x0000022103414460 JavaThread "ForkJoinPool.commonPool-worker-13" daemon [_thread_blocked, id=3784, stack(0x0000002511a00000,0x0000002511b00000)]
  0x0000022102a6a3b0 JavaThread "ForkJoinPool.commonPool-worker-14" daemon [_thread_blocked, id=16768, stack(0x0000002511b00000,0x0000002511c00000)]
  0x0000022102a6a880 JavaThread "ForkJoinPool.commonPool-worker-15" daemon [_thread_blocked, id=2560, stack(0x0000002511c00000,0x0000002511d00000)]
  0x0000022102a6b220 JavaThread "ForkJoinPool.commonPool-worker-16" daemon [_thread_blocked, id=1700, stack(0x0000002511d00000,0x0000002511e00000)]
  0x000002210669d710 JavaThread "ForkJoinPool.commonPool-worker-17" daemon [_thread_blocked, id=12844, stack(0x0000002511e00000,0x0000002511f00000)]
  0x000002210669d240 JavaThread "ForkJoinPool.commonPool-worker-19" daemon [_thread_blocked, id=15964, stack(0x0000002512000000,0x0000002512100000)]
  0x000002210669f3f0 JavaThread "ForkJoinPool.commonPool-worker-20" daemon [_thread_blocked, id=17052, stack(0x0000002512100000,0x0000002512200000)]
  0x00000221066a2410 JavaThread "ForkJoinPool.commonPool-worker-22" daemon [_thread_blocked, id=16872, stack(0x0000002512300000,0x0000002512400000)]
  0x00000221066a28e0 JavaThread "ForkJoinPool.commonPool-worker-23" daemon [_thread_blocked, id=16632, stack(0x0000002512a00000,0x0000002512b00000)]
  0x000002210669ba30 JavaThread "ForkJoinPool.commonPool-worker-24" daemon [_thread_blocked, id=1216, stack(0x0000002512f00000,0x0000002513000000)]
  0x00000221066a2db0 JavaThread "ForkJoinPool.commonPool-worker-25" daemon [_thread_blocked, id=8136, stack(0x0000002513100000,0x0000002513200000)]
  0x000002210669dbe0 JavaThread "ForkJoinPool.commonPool-worker-27" daemon [_thread_blocked, id=16700, stack(0x0000002513300000,0x0000002513400000)]
  0x00000221066a0260 JavaThread "ForkJoinPool.commonPool-worker-28" daemon [_thread_blocked, id=15768, stack(0x0000002513400000,0x0000002513500000)]
  0x00000221066a0730 JavaThread "ForkJoinPool.commonPool-worker-30" daemon [_thread_blocked, id=9400, stack(0x0000002513600000,0x0000002513700000)]
  0x000002210669e580 JavaThread "ForkJoinPool.commonPool-worker-32" daemon [_thread_blocked, id=12820, stack(0x0000002513800000,0x0000002513900000)]
  0x00000221066a1f40 JavaThread "ForkJoinPool.commonPool-worker-33" daemon [_thread_blocked, id=14340, stack(0x0000002513900000,0x0000002513a00000)]
  0x00000221066a10d0 JavaThread "ForkJoinPool.commonPool-worker-34" daemon [_thread_blocked, id=13032, stack(0x0000002513a00000,0x0000002513b00000)]
  0x000002210669ef20 JavaThread "ForkJoinPool.commonPool-worker-36" daemon [_thread_blocked, id=8684, stack(0x0000002513c00000,0x0000002513d00000)]
  0x00000221066a15a0 JavaThread "ForkJoinPool.commonPool-worker-37" daemon [_thread_blocked, id=860, stack(0x0000002513e00000,0x0000002513f00000)]
  0x00000221066a1a70 JavaThread "ForkJoinPool.commonPool-worker-38" daemon [_thread_blocked, id=2732, stack(0x0000002513f00000,0x0000002514000000)]
  0x000002210669c3d0 JavaThread "ForkJoinPool.commonPool-worker-39" daemon [_thread_blocked, id=6592, stack(0x0000002514000000,0x0000002514100000)]
  0x000002210669c8a0 JavaThread "ForkJoinPool.commonPool-worker-40" daemon [_thread_blocked, id=9512, stack(0x0000002514100000,0x0000002514200000)]
  0x000002210669cd70 JavaThread "ForkJoinPool.commonPool-worker-41" daemon [_thread_blocked, id=17072, stack(0x0000002514200000,0x0000002514300000)]
  0x00000221058ad240 JavaThread "ForkJoinPool.commonPool-worker-42" daemon [_thread_blocked, id=15912, stack(0x0000002514300000,0x0000002514400000)]
  0x00000221058adbe0 JavaThread "ForkJoinPool.commonPool-worker-43" daemon [_thread_blocked, id=15472, stack(0x0000002514400000,0x0000002514500000)]
  0x00000221058acd70 JavaThread "ForkJoinPool.commonPool-worker-44" daemon [_thread_blocked, id=6340, stack(0x0000002514500000,0x0000002514600000)]
  0x00000221058b0730 JavaThread "ForkJoinPool.commonPool-worker-45" daemon [_thread_blocked, id=2840, stack(0x0000002514600000,0x0000002514700000)]
  0x00000221058ae0b0 JavaThread "ForkJoinPool.commonPool-worker-46" daemon [_thread_blocked, id=11060, stack(0x0000002514700000,0x0000002514800000)]
  0x00000221058ab560 JavaThread "ForkJoinPool.commonPool-worker-47" daemon [_thread_blocked, id=7904, stack(0x0000002514800000,0x0000002514900000)]
  0x00000221058afd90 JavaThread "ForkJoinPool.commonPool-worker-48" daemon [_thread_blocked, id=12796, stack(0x0000002514900000,0x0000002514a00000)]
  0x00000221058ae580 JavaThread "ForkJoinPool.commonPool-worker-49" daemon [_thread_blocked, id=7268, stack(0x0000002514a00000,0x0000002514b00000)]
  0x00000221058b15a0 JavaThread "ForkJoinPool.commonPool-worker-50" daemon [_thread_blocked, id=14948, stack(0x0000002514b00000,0x0000002514c00000)]
  0x00000221058b10d0 JavaThread "ForkJoinPool.commonPool-worker-51" daemon [_thread_blocked, id=8920, stack(0x0000002514c00000,0x0000002514d00000)]
  0x00000221058ad710 JavaThread "ForkJoinPool.commonPool-worker-52" daemon [_thread_blocked, id=12264, stack(0x0000002514d00000,0x0000002514e00000)]
  0x00000221058aa220 JavaThread "ForkJoinPool.commonPool-worker-53" daemon [_thread_blocked, id=7592, stack(0x0000002514e00000,0x0000002514f00000)]
  0x00000221058b0c00 JavaThread "ForkJoinPool.commonPool-worker-54" daemon [_thread_blocked, id=8764, stack(0x0000002514f00000,0x0000002515000000)]
  0x00000221058aa6f0 JavaThread "ForkJoinPool.commonPool-worker-55" daemon [_thread_blocked, id=15180, stack(0x0000002515000000,0x0000002515100000)]
  0x00000221058aabc0 JavaThread "ForkJoinPool.commonPool-worker-56" daemon [_thread_blocked, id=7196, stack(0x0000002515100000,0x0000002515200000)]
  0x00000221058ac8a0 JavaThread "ForkJoinPool.commonPool-worker-57" daemon [_thread_blocked, id=17144, stack(0x0000002515300000,0x0000002515400000)]
  0x00000221058aba30 JavaThread "pool-5-thread-13" [_thread_blocked, id=9732, stack(0x000000250e800000,0x000000250e900000)]

Other Threads:
=>0x000002217ead6aa0 VMThread "VM Thread" [stack: 0x000000250f000000,0x000000250f100000] [id=11796]
  0x000002217ea726b0 WatcherThread [stack: 0x000000250fc00000,0x000000250fd00000] [id=8044]
  0x00000221738b5130 GCTaskThread "GC Thread#0" [stack: 0x000000250eb00000,0x000000250ec00000] [id=6004]
  0x00000221027e1c90 GCTaskThread "GC Thread#1" [stack: 0x000000250fe00000,0x000000250ff00000] [id=6432]
  0x00000221027e1f40 GCTaskThread "GC Thread#2" [stack: 0x000000250ff00000,0x0000002510000000] [id=3064]
  0x00000221027b24b0 GCTaskThread "GC Thread#3" [stack: 0x0000002510000000,0x0000002510100000] [id=4364]
  0x0000022102897840 GCTaskThread "GC Thread#4" [stack: 0x0000002510100000,0x0000002510200000] [id=13148]
  0x0000022102150890 GCTaskThread "GC Thread#5" [stack: 0x0000002510300000,0x0000002510400000] [id=13828]
  0x0000022102a13700 GCTaskThread "GC Thread#6" [stack: 0x0000002510400000,0x0000002510500000] [id=9196]
  0x0000022102a159c0 GCTaskThread "GC Thread#7" [stack: 0x0000002510500000,0x0000002510600000] [id=9008]
  0x00000221738c5970 ConcurrentGCThread "G1 Main Marker" [stack: 0x000000250ec00000,0x000000250ed00000] [id=14448]
  0x00000221738c6380 ConcurrentGCThread "G1 Conc#0" [stack: 0x000000250ed00000,0x000000250ee00000] [id=15288]
  0x0000022102d50070 ConcurrentGCThread "G1 Conc#1" [stack: 0x0000002510700000,0x0000002510800000] [id=2076]
  0x000002217e9420c0 ConcurrentGCThread "G1 Refine#0" [stack: 0x000000250ee00000,0x000000250ef00000] [id=10952]
  0x0000022105c91c60 ConcurrentGCThread "G1 Refine#1" [stack: 0x0000002512500000,0x0000002512600000] [id=7160]
  0x000002210589e730 ConcurrentGCThread "G1 Refine#2" [stack: 0x0000002512600000,0x0000002512700000] [id=15780]
  0x0000022105e2ab90 ConcurrentGCThread "G1 Refine#3" [stack: 0x0000002512e00000,0x0000002512f00000] [id=11944]
  0x0000022105ef6130 ConcurrentGCThread "G1 Refine#4" [stack: 0x000000250f900000,0x000000250fa00000] [id=11980]
  0x0000022105ef5e50 ConcurrentGCThread "G1 Refine#5" [stack: 0x000000250fa00000,0x000000250fb00000] [id=2312]
  0x0000022105ef5890 ConcurrentGCThread "G1 Refine#6" [stack: 0x0000002511500000,0x0000002511600000] [id=3964]
  0x0000022105ef6410 ConcurrentGCThread "G1 Refine#7" [stack: 0x0000002511800000,0x0000002511900000] [id=16264]
  0x000002217e942ae0 ConcurrentGCThread "G1 Service" [stack: 0x000000250ef00000,0x000000250f000000] [id=844]

Threads with active compile tasks:

VM state: at safepoint (normal execution)

VM Mutex/Monitor currently owned by a thread:  ([mutex/lock_event])
[0x00000221738554f0] Threads_lock - owner thread: 0x000002217ead6aa0
[0x0000022173856540] Heap_lock - owner thread: 0x0000022103240340

Heap address: 0x0000000083800000, size: 1992 MB, Compressed Oops mode: 32-bit

CDS archive(s) not mapped
Compressed class space mapped at: 0x0000000100000000-0x0000000140000000, reserved size: 1073741824
Narrow klass base: 0x0000000000000000, Narrow klass shift: 3, Narrow klass range: 0x140000000

GC Precious Log:
 CPUs: 8 total, 8 available
 Memory: 7965M
 Large Page Support: Disabled
 NUMA Support: Disabled
 Compressed Oops: Enabled (32-bit)
 Heap Region Size: 1M
 Heap Min Capacity: 8M
 Heap Initial Capacity: 126M
 Heap Max Capacity: 1992M
 Pre-touch: Disabled
 Parallel Workers: 8
 Concurrent Workers: 2
 Concurrent Refinement Workers: 8
 Periodic GC: Disabled

Heap:
 garbage-first heap   total 245760K, used 89819K [0x0000000083800000, 0x0000000100000000)
  region size 1024K, 1 young (1024K), 0 survivors (0K)
 Metaspace       used 68660K, committed 69056K, reserved 1114112K
  class space    used 9331K, committed 9536K, reserved 1048576K

Heap Regions: E=young(eden), S=young(survivor), O=old, HS=humongous(starts), HC=humongous(continues), CS=collection set, F=free, OA=open archive, CA=closed archive, TAMS=top-at-mark-start (previous, next)
|   0|0x0000000083800000, 0x0000000083900000, 0x0000000083900000|100%| O|  |TAMS 0x0000000083900000, 0x0000000083800000| Untracked 
|   1|0x0000000083900000, 0x0000000083a00000, 0x0000000083a00000|100%| O|  |TAMS 0x0000000083a00000, 0x0000000083900000| Untracked 
|   2|0x0000000083a00000, 0x0000000083b00000, 0x0000000083b00000|100%| O|  |TAMS 0x0000000083b00000, 0x0000000083a00000| Untracked 
|   3|0x0000000083b00000, 0x0000000083c00000, 0x0000000083c00000|100%| O|  |TAMS 0x0000000083c00000, 0x0000000083b00000| Untracked 
|   4|0x0000000083c00000, 0x0000000083cfffb8, 0x0000000083d00000| 99%| O|  |TAMS 0x0000000083cfffb8, 0x0000000083c00000| Untracked 
|   5|0x0000000083d00000, 0x0000000083dfff38, 0x0000000083e00000| 99%| O|  |TAMS 0x0000000083dfff38, 0x0000000083d00000| Untracked 
|   6|0x0000000083e00000, 0x0000000083f00000, 0x0000000083f00000|100%| O|  |TAMS 0x0000000083f00000, 0x0000000083e00000| Untracked 
|   7|0x0000000083f00000, 0x0000000084000000, 0x0000000084000000|100%|HS|  |TAMS 0x0000000084000000, 0x0000000083f00000| Untracked 
|   8|0x0000000084000000, 0x00000000840fffc8, 0x0000000084100000| 99%| O|  |TAMS 0x00000000840fffc8, 0x0000000084000000| Untracked 
|   9|0x0000000084100000, 0x00000000841f9cd0, 0x0000000084200000| 97%| O|  |TAMS 0x0000000084100000, 0x0000000084100000| Untracked 
|  10|0x0000000084200000, 0x00000000842ffff0, 0x0000000084300000| 99%| O|  |TAMS 0x00000000842ffff0, 0x0000000084200000| Untracked 
|  11|0x0000000084300000, 0x00000000843fffe0, 0x0000000084400000| 99%| O|  |TAMS 0x00000000843fffe0, 0x0000000084300000| Untracked 
|  12|0x0000000084400000, 0x00000000844ffff8, 0x0000000084500000| 99%| O|  |TAMS 0x00000000844ffff8, 0x0000000084400000| Untracked 
|  13|0x0000000084500000, 0x00000000845fff80, 0x0000000084600000| 99%| O|  |TAMS 0x0000000084500000, 0x0000000084500000| Untracked 
|  14|0x0000000084600000, 0x00000000846ffe80, 0x0000000084700000| 99%| O|  |TAMS 0x00000000846ffe80, 0x0000000084600000| Untracked 
|  15|0x0000000084700000, 0x00000000847fffd0, 0x0000000084800000| 99%| O|  |TAMS 0x00000000847fffd0, 0x0000000084700000| Untracked 
|  16|0x0000000084800000, 0x0000000084900000, 0x0000000084900000|100%| O|  |TAMS 0x0000000084800000, 0x0000000084800000| Untracked 
|  17|0x0000000084900000, 0x00000000849ffff0, 0x0000000084a00000| 99%| O|  |TAMS 0x00000000849ffff0, 0x0000000084900000| Untracked 
|  18|0x0000000084a00000, 0x0000000084affff0, 0x0000000084b00000| 99%| O|  |TAMS 0x0000000084affff0, 0x0000000084a00000| Untracked 
|  19|0x0000000084b00000, 0x0000000084bfffb8, 0x0000000084c00000| 99%| O|  |TAMS 0x0000000084bfffb8, 0x0000000084b00000| Untracked 
|  20|0x0000000084c00000, 0x0000000084cfd800, 0x0000000084d00000| 99%| O|  |TAMS 0x0000000084cfd800, 0x0000000084c00000| Untracked 
|  21|0x0000000084d00000, 0x0000000084dfffc0, 0x0000000084e00000| 99%| O|  |TAMS 0x0000000084dfffc0, 0x0000000084d00000| Untracked 
|  22|0x0000000084e00000, 0x0000000084effff8, 0x0000000084f00000| 99%| O|  |TAMS 0x0000000084effff8, 0x0000000084e00000| Untracked 
|  23|0x0000000084f00000, 0x0000000084fffe78, 0x0000000085000000| 99%| O|  |TAMS 0x0000000084fffe78, 0x0000000084f00000| Untracked 
|  24|0x0000000085000000, 0x00000000850ffff0, 0x0000000085100000| 99%| O|  |TAMS 0x00000000850ffff0, 0x0000000085000000| Untracked 
|  25|0x0000000085100000, 0x0000000085200000, 0x0000000085200000|100%| O|  |TAMS 0x0000000085200000, 0x0000000085100000| Untracked 
|  26|0x0000000085200000, 0x0000000085300000, 0x0000000085300000|100%| O|  |TAMS 0x0000000085300000, 0x0000000085200000| Untracked 
|  27|0x0000000085300000, 0x0000000085400000, 0x0000000085400000|100%| O|  |TAMS 0x0000000085400000, 0x0000000085300000| Untracked 
|  28|0x0000000085400000, 0x00000000854fffb8, 0x0000000085500000| 99%| O|  |TAMS 0x0000000085400000, 0x0000000085400000| Untracked 
|  29|0x0000000085500000, 0x00000000855ffff0, 0x0000000085600000| 99%| O|  |TAMS 0x00000000855ffff0, 0x0000000085500000| Untracked 
|  30|0x0000000085600000, 0x00000000856f3958, 0x0000000085700000| 95%| O|  |TAMS 0x0000000085600000, 0x0000000085600000| Untracked 
|  31|0x0000000085700000, 0x00000000857fffc0, 0x0000000085800000| 99%| O|  |TAMS 0x00000000857fffc0, 0x0000000085700000| Untracked 
|  32|0x0000000085800000, 0x00000000858ffc70, 0x0000000085900000| 99%| O|  |TAMS 0x0000000085800000, 0x0000000085800000| Untracked 
|  33|0x0000000085900000, 0x00000000859fffe0, 0x0000000085a00000| 99%| O|  |TAMS 0x00000000859fffe0, 0x0000000085900000| Untracked 
|  34|0x0000000085a00000, 0x0000000085afffe0, 0x0000000085b00000| 99%| O|  |TAMS 0x0000000085a00000, 0x0000000085a00000| Untracked 
|  35|0x0000000085b00000, 0x0000000085bfffe8, 0x0000000085c00000| 99%| O|  |TAMS 0x0000000085bfffe8, 0x0000000085b00000| Untracked 
|  36|0x0000000085c00000, 0x0000000085d00000, 0x0000000085d00000|100%|HS|  |TAMS 0x0000000085d00000, 0x0000000085c00000| Untracked 
|  37|0x0000000085d00000, 0x0000000085e00000, 0x0000000085e00000|100%|HC|  |TAMS 0x0000000085e00000, 0x0000000085d00000| Untracked 
|  38|0x0000000085e00000, 0x0000000085f00000, 0x0000000085f00000|100%|HS|  |TAMS 0x0000000085f00000, 0x0000000085e00000| Untracked 
|  39|0x0000000085f00000, 0x0000000085fffff8, 0x0000000086000000| 99%| O|  |TAMS 0x0000000085fffff8, 0x0000000085f00000| Untracked 
|  40|0x0000000086000000, 0x00000000860fffe8, 0x0000000086100000| 99%| O|  |TAMS 0x00000000860fffe8, 0x0000000086000000| Untracked 
|  41|0x0000000086100000, 0x00000000861ffff0, 0x0000000086200000| 99%| O|  |TAMS 0x0000000086100000, 0x0000000086100000| Untracked 
|  42|0x0000000086200000, 0x00000000862fffe0, 0x0000000086300000| 99%| O|  |TAMS 0x00000000862fffe0, 0x0000000086200000| Untracked 
|  43|0x0000000086300000, 0x00000000863fffb8, 0x0000000086400000| 99%| O|  |TAMS 0x0000000086300000, 0x0000000086300000| Untracked 
|  44|0x0000000086400000, 0x0000000086500000, 0x0000000086500000|100%| O|  |TAMS 0x0000000086500000, 0x0000000086400000| Untracked 
|  45|0x0000000086500000, 0x00000000865ffff8, 0x0000000086600000| 99%| O|  |TAMS 0x0000000086500000, 0x0000000086500000| Untracked 
|  46|0x0000000086600000, 0x00000000866ffff8, 0x0000000086700000| 99%| O|  |TAMS 0x0000000086600000, 0x0000000086600000| Untracked 
|  47|0x0000000086700000, 0x00000000867fffe0, 0x0000000086800000| 99%| O|  |TAMS 0x00000000867fffe0, 0x0000000086700000| Untracked 
|  48|0x0000000086800000, 0x00000000868fffe8, 0x0000000086900000| 99%| O|  |TAMS 0x0000000086800000, 0x0000000086800000| Untracked 
|  49|0x0000000086900000, 0x00000000869fffb0, 0x0000000086a00000| 99%| O|  |TAMS 0x0000000086900000, 0x0000000086900000| Untracked 
|  50|0x0000000086a00000, 0x0000000086afffe0, 0x0000000086b00000| 99%| O|  |TAMS 0x0000000086a00000, 0x0000000086a00000| Untracked 
|  51|0x0000000086b00000, 0x0000000086c00000, 0x0000000086c00000|100%| O|  |TAMS 0x0000000086b00000, 0x0000000086b00000| Untracked 
|  52|0x0000000086c00000, 0x0000000086cfffe8, 0x0000000086d00000| 99%| O|  |TAMS 0x0000000086c00000, 0x0000000086c00000| Untracked 
|  53|0x0000000086d00000, 0x0000000086dfff28, 0x0000000086e00000| 99%| O|  |TAMS 0x0000000086d00000, 0x0000000086d00000| Untracked 
|  54|0x0000000086e00000, 0x0000000086effff0, 0x0000000086f00000| 99%| O|  |TAMS 0x0000000086effff0, 0x0000000086e00000| Untracked 
|  55|0x0000000086f00000, 0x0000000086ffffe8, 0x0000000087000000| 99%| O|  |TAMS 0x0000000086ffffe8, 0x0000000086f00000| Untracked 
|  56|0x0000000087000000, 0x00000000870ffff8, 0x0000000087100000| 99%| O|  |TAMS 0x00000000870ffff8, 0x0000000087000000| Untracked 
|  57|0x0000000087100000, 0x00000000871ffff8, 0x0000000087200000| 99%| O|  |TAMS 0x0000000087100000, 0x0000000087100000| Untracked 
|  58|0x0000000087200000, 0x0000000087300000, 0x0000000087300000|100%| O|  |TAMS 0x0000000087300000, 0x0000000087200000| Untracked 
|  59|0x0000000087300000, 0x00000000873fffd0, 0x0000000087400000| 99%| O|  |TAMS 0x0000000087300000, 0x0000000087300000| Untracked 
|  60|0x0000000087400000, 0x00000000874fffd0, 0x0000000087500000| 99%| O|  |TAMS 0x0000000087400000, 0x0000000087400000| Untracked 
|  61|0x0000000087500000, 0x000000008759a198, 0x0000000087600000| 60%| O|  |TAMS 0x0000000087500000, 0x0000000087500000| Untracked 
|  62|0x0000000087600000, 0x0000000087700000, 0x0000000087700000|100%| O|  |TAMS 0x0000000087600000, 0x0000000087600000| Untracked 
|  63|0x0000000087700000, 0x00000000877fffe8, 0x0000000087800000| 99%| O|  |TAMS 0x0000000087700000, 0x0000000087700000| Untracked 
|  64|0x0000000087800000, 0x00000000878ffff0, 0x0000000087900000| 99%| O|  |TAMS 0x0000000087800000, 0x0000000087800000| Untracked 
|  65|0x0000000087900000, 0x00000000879fffe8, 0x0000000087a00000| 99%| O|  |TAMS 0x0000000087900000, 0x0000000087900000| Untracked 
|  66|0x0000000087a00000, 0x0000000087afffe8, 0x0000000087b00000| 99%| O|  |TAMS 0x0000000087a00000, 0x0000000087a00000| Untracked 
|  67|0x0000000087b00000, 0x0000000087c00000, 0x0000000087c00000|100%|HS|  |TAMS 0x0000000087c00000, 0x0000000087b00000| Untracked 
|  68|0x0000000087c00000, 0x0000000087d00000, 0x0000000087d00000|100%|HC|  |TAMS 0x0000000087d00000, 0x0000000087c00000| Untracked 
|  69|0x0000000087d00000, 0x0000000087e00000, 0x0000000087e00000|100%|HC|  |TAMS 0x0000000087e00000, 0x0000000087d00000| Untracked 
|  70|0x0000000087e00000, 0x0000000087efff98, 0x0000000087f00000| 99%| O|  |TAMS 0x0000000087e00000, 0x0000000087e00000| Untracked 
|  71|0x0000000087f00000, 0x0000000087f3ce10, 0x0000000088000000| 23%| O|  |TAMS 0x0000000087f00000, 0x0000000087f00000| Untracked 
|  72|0x0000000088000000, 0x000000008809d5d0, 0x0000000088100000| 61%| O|  |TAMS 0x0000000088000000, 0x0000000088000000| Untracked 
|  73|0x0000000088100000, 0x0000000088100000, 0x0000000088200000|  0%| F|  |TAMS 0x0000000088100000, 0x0000000088100000| Untracked 
|  74|0x0000000088200000, 0x00000000882c14f8, 0x0000000088300000| 75%| O|  |TAMS 0x0000000088200000, 0x0000000088200000| Untracked 
|  75|0x0000000088300000, 0x0000000088300000, 0x0000000088400000|  0%| F|  |TAMS 0x0000000088300000, 0x0000000088300000| Untracked 
|  76|0x0000000088400000, 0x0000000088400000, 0x0000000088500000|  0%| F|  |TAMS 0x0000000088400000, 0x0000000088400000| Untracked 
|  77|0x0000000088500000, 0x0000000088500000, 0x0000000088600000|  0%| F|  |TAMS 0x0000000088500000, 0x0000000088500000| Untracked 
|  78|0x0000000088600000, 0x0000000088600000, 0x0000000088700000|  0%| F|  |TAMS 0x0000000088600000, 0x0000000088600000| Untracked 
|  79|0x0000000088700000, 0x0000000088700000, 0x0000000088800000|  0%| F|  |TAMS 0x0000000088700000, 0x0000000088700000| Untracked 
|  80|0x0000000088800000, 0x0000000088800000, 0x0000000088900000|  0%| F|  |TAMS 0x0000000088800000, 0x0000000088800000| Untracked 
|  81|0x0000000088900000, 0x0000000088900000, 0x0000000088a00000|  0%| F|  |TAMS 0x0000000088900000, 0x0000000088900000| Untracked 
|  82|0x0000000088a00000, 0x0000000088a00000, 0x0000000088b00000|  0%| F|  |TAMS 0x0000000088a00000, 0x0000000088a00000| Untracked 
|  83|0x0000000088b00000, 0x0000000088b00000, 0x0000000088c00000|  0%| F|  |TAMS 0x0000000088b00000, 0x0000000088b00000| Untracked 
|  84|0x0000000088c00000, 0x0000000088c00000, 0x0000000088d00000|  0%| F|  |TAMS 0x0000000088c00000, 0x0000000088c00000| Untracked 
|  85|0x0000000088d00000, 0x0000000088d00000, 0x0000000088e00000|  0%| F|  |TAMS 0x0000000088d00000, 0x0000000088d00000| Untracked 
|  86|0x0000000088e00000, 0x0000000088e00000, 0x0000000088f00000|  0%| F|  |TAMS 0x0000000088e00000, 0x0000000088e00000| Untracked 
|  87|0x0000000088f00000, 0x0000000088f00000, 0x0000000089000000|  0%| F|  |TAMS 0x0000000088f00000, 0x0000000088f00000| Untracked 
|  88|0x0000000089000000, 0x0000000089000000, 0x0000000089100000|  0%| F|  |TAMS 0x0000000089000000, 0x0000000089000000| Untracked 
|  89|0x0000000089100000, 0x0000000089100000, 0x0000000089200000|  0%| F|  |TAMS 0x0000000089100000, 0x0000000089100000| Untracked 
|  90|0x0000000089200000, 0x0000000089200000, 0x0000000089300000|  0%| F|  |TAMS 0x0000000089200000, 0x0000000089200000| Untracked 
|  91|0x0000000089300000, 0x00000000893f73f0, 0x0000000089400000| 96%| O|  |TAMS 0x0000000089300000, 0x0000000089300000| Untracked 
|  92|0x0000000089400000, 0x00000000894ffff8, 0x0000000089500000| 99%| O|  |TAMS 0x0000000089400000, 0x0000000089400000| Untracked 
|  93|0x0000000089500000, 0x0000000089500000, 0x0000000089600000|  0%| F|  |TAMS 0x0000000089500000, 0x0000000089500000| Untracked 
|  94|0x0000000089600000, 0x0000000089600000, 0x0000000089700000|  0%| F|  |TAMS 0x0000000089600000, 0x0000000089600000| Untracked 
|  95|0x0000000089700000, 0x0000000089700000, 0x0000000089800000|  0%| F|  |TAMS 0x0000000089700000, 0x0000000089700000| Untracked 
|  96|0x0000000089800000, 0x0000000089800000, 0x0000000089900000|  0%| F|  |TAMS 0x0000000089800000, 0x0000000089800000| Untracked 
|  97|0x0000000089900000, 0x0000000089900000, 0x0000000089a00000|  0%| F|  |TAMS 0x0000000089900000, 0x0000000089900000| Untracked 
|  98|0x0000000089a00000, 0x0000000089a00000, 0x0000000089b00000|  0%| F|  |TAMS 0x0000000089a00000, 0x0000000089a00000| Untracked 
|  99|0x0000000089b00000, 0x0000000089ba0128, 0x0000000089c00000| 62%| O|  |TAMS 0x0000000089b00000, 0x0000000089b00000| Untracked 
| 100|0x0000000089c00000, 0x0000000089c00000, 0x0000000089d00000|  0%| F|  |TAMS 0x0000000089c00000, 0x0000000089c00000| Untracked 
| 101|0x0000000089d00000, 0x0000000089d00000, 0x0000000089e00000|  0%| F|  |TAMS 0x0000000089d00000, 0x0000000089d00000| Untracked 
| 102|0x0000000089e00000, 0x0000000089e00000, 0x0000000089f00000|  0%| F|  |TAMS 0x0000000089e00000, 0x0000000089e00000| Untracked 
| 103|0x0000000089f00000, 0x0000000089f00000, 0x000000008a000000|  0%| F|  |TAMS 0x0000000089f00000, 0x0000000089f00000| Untracked 
| 104|0x000000008a000000, 0x000000008a000000, 0x000000008a100000|  0%| F|  |TAMS 0x000000008a000000, 0x000000008a000000| Untracked 
| 105|0x000000008a100000, 0x000000008a100000, 0x000000008a200000|  0%| F|  |TAMS 0x000000008a100000, 0x000000008a100000| Untracked 
| 106|0x000000008a200000, 0x000000008a200000, 0x000000008a300000|  0%| F|  |TAMS 0x000000008a200000, 0x000000008a200000| Untracked 
| 107|0x000000008a300000, 0x000000008a300000, 0x000000008a400000|  0%| F|  |TAMS 0x000000008a300000, 0x000000008a300000| Untracked 
| 108|0x000000008a400000, 0x000000008a400000, 0x000000008a500000|  0%| F|  |TAMS 0x000000008a400000, 0x000000008a400000| Untracked 
| 109|0x000000008a500000, 0x000000008a500000, 0x000000008a600000|  0%| F|  |TAMS 0x000000008a500000, 0x000000008a500000| Untracked 
| 110|0x000000008a600000, 0x000000008a600000, 0x000000008a700000|  0%| F|  |TAMS 0x000000008a600000, 0x000000008a600000| Untracked 
| 111|0x000000008a700000, 0x000000008a700000, 0x000000008a800000|  0%| F|  |TAMS 0x000000008a700000, 0x000000008a700000| Untracked 
| 112|0x000000008a800000, 0x000000008a800000, 0x000000008a900000|  0%| F|  |TAMS 0x000000008a800000, 0x000000008a800000| Untracked 
| 113|0x000000008a900000, 0x000000008a900000, 0x000000008aa00000|  0%| F|  |TAMS 0x000000008a900000, 0x000000008a900000| Untracked 
| 114|0x000000008aa00000, 0x000000008aa00000, 0x000000008ab00000|  0%| F|  |TAMS 0x000000008aa00000, 0x000000008aa00000| Untracked 
| 115|0x000000008ab00000, 0x000000008ab00000, 0x000000008ac00000|  0%| F|  |TAMS 0x000000008ab00000, 0x000000008ab00000| Untracked 
| 116|0x000000008ac00000, 0x000000008ac00000, 0x000000008ad00000|  0%| F|  |TAMS 0x000000008ac00000, 0x000000008ac00000| Untracked 
| 117|0x000000008ad00000, 0x000000008ad00000, 0x000000008ae00000|  0%| F|  |TAMS 0x000000008ad00000, 0x000000008ad00000| Untracked 
| 118|0x000000008ae00000, 0x000000008ae00000, 0x000000008af00000|  0%| F|  |TAMS 0x000000008ae00000, 0x000000008ae00000| Untracked 
| 119|0x000000008af00000, 0x000000008af00000, 0x000000008b000000|  0%| F|  |TAMS 0x000000008af00000, 0x000000008af00000| Untracked 
| 120|0x000000008b000000, 0x000000008b000000, 0x000000008b100000|  0%| F|  |TAMS 0x000000008b000000, 0x000000008b000000| Untracked 
| 121|0x000000008b100000, 0x000000008b100000, 0x000000008b200000|  0%| F|  |TAMS 0x000000008b100000, 0x000000008b100000| Untracked 
| 122|0x000000008b200000, 0x000000008b200000, 0x000000008b300000|  0%| F|  |TAMS 0x000000008b200000, 0x000000008b200000| Untracked 
| 123|0x000000008b300000, 0x000000008b300000, 0x000000008b400000|  0%| F|  |TAMS 0x000000008b300000, 0x000000008b300000| Untracked 
| 124|0x000000008b400000, 0x000000008b400000, 0x000000008b500000|  0%| F|  |TAMS 0x000000008b400000, 0x000000008b400000| Untracked 
| 125|0x000000008b500000, 0x000000008b500000, 0x000000008b600000|  0%| F|  |TAMS 0x000000008b500000, 0x000000008b500000| Untracked 
| 126|0x000000008b600000, 0x000000008b600000, 0x000000008b700000|  0%| F|  |TAMS 0x000000008b600000, 0x000000008b600000| Untracked 
| 127|0x000000008b700000, 0x000000008b700000, 0x000000008b800000|  0%| F|  |TAMS 0x000000008b700000, 0x000000008b700000| Untracked 
| 128|0x000000008b800000, 0x000000008b800000, 0x000000008b900000|  0%| F|  |TAMS 0x000000008b800000, 0x000000008b800000| Untracked 
| 129|0x000000008b900000, 0x000000008ba00000, 0x000000008ba00000|100%| O|  |TAMS 0x000000008ba00000, 0x000000008b900000| Untracked 
| 130|0x000000008ba00000, 0x000000008bb00000, 0x000000008bb00000|100%| O|  |TAMS 0x000000008bb00000, 0x000000008ba00000| Untracked 
| 131|0x000000008bb00000, 0x000000008bc00000, 0x000000008bc00000|100%| O|  |TAMS 0x000000008bc00000, 0x000000008bb00000| Untracked 
| 132|0x000000008bc00000, 0x000000008bd00000, 0x000000008bd00000|100%| O|  |TAMS 0x000000008bd00000, 0x000000008bc00000| Untracked 
| 133|0x000000008bd00000, 0x000000008be00000, 0x000000008be00000|100%| O|  |TAMS 0x000000008be00000, 0x000000008bd00000| Untracked 
| 134|0x000000008be00000, 0x000000008bf00000, 0x000000008bf00000|100%| O|  |TAMS 0x000000008bf00000, 0x000000008be00000| Untracked 
| 135|0x000000008bf00000, 0x000000008c000000, 0x000000008c000000|100%| O|  |TAMS 0x000000008c000000, 0x000000008bf00000| Untracked 
| 136|0x000000008c000000, 0x000000008c100000, 0x000000008c100000|100%| O|  |TAMS 0x000000008c100000, 0x000000008c000000| Untracked 
| 137|0x000000008c100000, 0x000000008c200000, 0x000000008c200000|100%| O|  |TAMS 0x000000008c200000, 0x000000008c100000| Untracked 
| 138|0x000000008c200000, 0x000000008c300000, 0x000000008c300000|100%| O|  |TAMS 0x000000008c300000, 0x000000008c200000| Untracked 
| 139|0x000000008c300000, 0x000000008c300000, 0x000000008c400000|  0%| F|  |TAMS 0x000000008c300000, 0x000000008c300000| Untracked 
| 140|0x000000008c400000, 0x000000008c400000, 0x000000008c500000|  0%| F|  |TAMS 0x000000008c400000, 0x000000008c400000| Untracked 
| 141|0x000000008c500000, 0x000000008c500000, 0x000000008c600000|  0%| F|  |TAMS 0x000000008c500000, 0x000000008c500000| Untracked 
| 142|0x000000008c600000, 0x000000008c600000, 0x000000008c700000|  0%| F|  |TAMS 0x000000008c600000, 0x000000008c600000| Untracked 
| 143|0x000000008c700000, 0x000000008c700000, 0x000000008c800000|  0%| F|  |TAMS 0x000000008c700000, 0x000000008c700000| Untracked 
| 144|0x000000008c800000, 0x000000008c800000, 0x000000008c900000|  0%| F|  |TAMS 0x000000008c800000, 0x000000008c800000| Untracked 
| 145|0x000000008c900000, 0x000000008c900000, 0x000000008ca00000|  0%| F|  |TAMS 0x000000008c900000, 0x000000008c900000| Untracked 
| 146|0x000000008ca00000, 0x000000008ca00000, 0x000000008cb00000|  0%| F|  |TAMS 0x000000008ca00000, 0x000000008ca00000| Untracked 
| 147|0x000000008cb00000, 0x000000008cb00000, 0x000000008cc00000|  0%| F|  |TAMS 0x000000008cb00000, 0x000000008cb00000| Untracked 
| 148|0x000000008cc00000, 0x000000008cc00000, 0x000000008cd00000|  0%| F|  |TAMS 0x000000008cc00000, 0x000000008cc00000| Untracked 
| 149|0x000000008cd00000, 0x000000008cd00000, 0x000000008ce00000|  0%| F|  |TAMS 0x000000008cd00000, 0x000000008cd00000| Untracked 
| 150|0x000000008ce00000, 0x000000008ce00000, 0x000000008cf00000|  0%| F|  |TAMS 0x000000008ce00000, 0x000000008ce00000| Untracked 
| 151|0x000000008cf00000, 0x000000008cf00000, 0x000000008d000000|  0%| F|  |TAMS 0x000000008cf00000, 0x000000008cf00000| Untracked 
| 152|0x000000008d000000, 0x000000008d000000, 0x000000008d100000|  0%| F|  |TAMS 0x000000008d000000, 0x000000008d000000| Untracked 
| 153|0x000000008d100000, 0x000000008d100000, 0x000000008d200000|  0%| F|  |TAMS 0x000000008d100000, 0x000000008d100000| Untracked 
| 154|0x000000008d200000, 0x000000008d200000, 0x000000008d300000|  0%| F|  |TAMS 0x000000008d200000, 0x000000008d200000| Untracked 
| 155|0x000000008d300000, 0x000000008d300000, 0x000000008d400000|  0%| F|  |TAMS 0x000000008d300000, 0x000000008d300000| Untracked 
| 156|0x000000008d400000, 0x000000008d400000, 0x000000008d500000|  0%| F|  |TAMS 0x000000008d400000, 0x000000008d400000| Untracked 
| 157|0x000000008d500000, 0x000000008d500000, 0x000000008d600000|  0%| F|  |TAMS 0x000000008d500000, 0x000000008d500000| Untracked 
| 158|0x000000008d600000, 0x000000008d600000, 0x000000008d700000|  0%| F|  |TAMS 0x000000008d600000, 0x000000008d600000| Untracked 
| 159|0x000000008d700000, 0x000000008d700000, 0x000000008d800000|  0%| F|  |TAMS 0x000000008d700000, 0x000000008d700000| Untracked 
| 160|0x000000008d800000, 0x000000008d800000, 0x000000008d900000|  0%| F|  |TAMS 0x000000008d800000, 0x000000008d800000| Untracked 
| 161|0x000000008d900000, 0x000000008d900000, 0x000000008da00000|  0%| F|  |TAMS 0x000000008d900000, 0x000000008d900000| Untracked 
| 162|0x000000008da00000, 0x000000008da00000, 0x000000008db00000|  0%| F|  |TAMS 0x000000008da00000, 0x000000008da00000| Untracked 
| 163|0x000000008db00000, 0x000000008db00000, 0x000000008dc00000|  0%| F|  |TAMS 0x000000008db00000, 0x000000008db00000| Untracked 
| 164|0x000000008dc00000, 0x000000008dc00000, 0x000000008dd00000|  0%| F|  |TAMS 0x000000008dc00000, 0x000000008dc00000| Untracked 
| 165|0x000000008dd00000, 0x000000008dd00000, 0x000000008de00000|  0%| F|  |TAMS 0x000000008dd00000, 0x000000008dd00000| Untracked 
| 166|0x000000008de00000, 0x000000008de00000, 0x000000008df00000|  0%| F|  |TAMS 0x000000008de00000, 0x000000008de00000| Untracked 
| 167|0x000000008df00000, 0x000000008df00000, 0x000000008e000000|  0%| F|  |TAMS 0x000000008df00000, 0x000000008df00000| Untracked 
| 168|0x000000008e000000, 0x000000008e000000, 0x000000008e100000|  0%| F|  |TAMS 0x000000008e000000, 0x000000008e000000| Untracked 
| 169|0x000000008e100000, 0x000000008e100000, 0x000000008e200000|  0%| F|  |TAMS 0x000000008e100000, 0x000000008e100000| Untracked 
| 170|0x000000008e200000, 0x000000008e200000, 0x000000008e300000|  0%| F|  |TAMS 0x000000008e200000, 0x000000008e200000| Untracked 
| 171|0x000000008e300000, 0x000000008e300000, 0x000000008e400000|  0%| F|  |TAMS 0x000000008e300000, 0x000000008e300000| Untracked 
| 172|0x000000008e400000, 0x000000008e400000, 0x000000008e500000|  0%| F|  |TAMS 0x000000008e400000, 0x000000008e400000| Untracked 
| 173|0x000000008e500000, 0x000000008e500000, 0x000000008e600000|  0%| F|  |TAMS 0x000000008e500000, 0x000000008e500000| Untracked 
| 174|0x000000008e600000, 0x000000008e600000, 0x000000008e700000|  0%| F|  |TAMS 0x000000008e600000, 0x000000008e600000| Untracked 
| 175|0x000000008e700000, 0x000000008e700000, 0x000000008e800000|  0%| F|  |TAMS 0x000000008e700000, 0x000000008e700000| Untracked 
| 176|0x000000008e800000, 0x000000008e800000, 0x000000008e900000|  0%| F|  |TAMS 0x000000008e800000, 0x000000008e800000| Untracked 
| 177|0x000000008e900000, 0x000000008e900000, 0x000000008ea00000|  0%| F|  |TAMS 0x000000008e900000, 0x000000008e900000| Untracked 
| 178|0x000000008ea00000, 0x000000008ea00000, 0x000000008eb00000|  0%| F|  |TAMS 0x000000008ea00000, 0x000000008ea00000| Untracked 
| 179|0x000000008eb00000, 0x000000008eb00000, 0x000000008ec00000|  0%| F|  |TAMS 0x000000008eb00000, 0x000000008eb00000| Untracked 
| 180|0x000000008ec00000, 0x000000008ec00000, 0x000000008ed00000|  0%| F|  |TAMS 0x000000008ec00000, 0x000000008ec00000| Untracked 
| 181|0x000000008ed00000, 0x000000008ed00000, 0x000000008ee00000|  0%| F|  |TAMS 0x000000008ed00000, 0x000000008ed00000| Untracked 
| 182|0x000000008ee00000, 0x000000008ee00000, 0x000000008ef00000|  0%| F|  |TAMS 0x000000008ee00000, 0x000000008ee00000| Untracked 
| 183|0x000000008ef00000, 0x000000008ef00000, 0x000000008f000000|  0%| F|  |TAMS 0x000000008ef00000, 0x000000008ef00000| Untracked 
| 184|0x000000008f000000, 0x000000008f000000, 0x000000008f100000|  0%| F|  |TAMS 0x000000008f000000, 0x000000008f000000| Untracked 
| 185|0x000000008f100000, 0x000000008f100000, 0x000000008f200000|  0%| F|  |TAMS 0x000000008f100000, 0x000000008f100000| Untracked 
| 186|0x000000008f200000, 0x000000008f200000, 0x000000008f300000|  0%| F|  |TAMS 0x000000008f200000, 0x000000008f200000| Untracked 
| 187|0x000000008f300000, 0x000000008f300000, 0x000000008f400000|  0%| F|  |TAMS 0x000000008f300000, 0x000000008f300000| Untracked 
| 188|0x000000008f400000, 0x000000008f400000, 0x000000008f500000|  0%| F|  |TAMS 0x000000008f400000, 0x000000008f400000| Untracked 
| 189|0x000000008f500000, 0x000000008f500000, 0x000000008f600000|  0%| F|  |TAMS 0x000000008f500000, 0x000000008f500000| Untracked 
| 190|0x000000008f600000, 0x000000008f600000, 0x000000008f700000|  0%| F|  |TAMS 0x000000008f600000, 0x000000008f600000| Untracked 
| 191|0x000000008f700000, 0x000000008f700000, 0x000000008f800000|  0%| F|  |TAMS 0x000000008f700000, 0x000000008f700000| Untracked 
| 192|0x000000008f800000, 0x000000008f800000, 0x000000008f900000|  0%| F|  |TAMS 0x000000008f800000, 0x000000008f800000| Untracked 
| 193|0x000000008f900000, 0x000000008f900000, 0x000000008fa00000|  0%| F|  |TAMS 0x000000008f900000, 0x000000008f900000| Untracked 
| 194|0x000000008fa00000, 0x000000008fa00000, 0x000000008fb00000|  0%| F|  |TAMS 0x000000008fa00000, 0x000000008fa00000| Untracked 
| 195|0x000000008fb00000, 0x000000008fb00000, 0x000000008fc00000|  0%| F|  |TAMS 0x000000008fb00000, 0x000000008fb00000| Untracked 
| 196|0x000000008fc00000, 0x000000008fc00000, 0x000000008fd00000|  0%| F|  |TAMS 0x000000008fc00000, 0x000000008fc00000| Untracked 
| 197|0x000000008fd00000, 0x000000008fd00000, 0x000000008fe00000|  0%| F|  |TAMS 0x000000008fd00000, 0x000000008fd00000| Untracked 
| 198|0x000000008fe00000, 0x000000008fe00000, 0x000000008ff00000|  0%| F|  |TAMS 0x000000008fe00000, 0x000000008fe00000| Untracked 
| 199|0x000000008ff00000, 0x000000008ff00000, 0x0000000090000000|  0%| F|  |TAMS 0x000000008ff00000, 0x000000008ff00000| Untracked 
| 200|0x0000000090000000, 0x0000000090000000, 0x0000000090100000|  0%| F|  |TAMS 0x0000000090000000, 0x0000000090000000| Untracked 
| 201|0x0000000090100000, 0x0000000090100000, 0x0000000090200000|  0%| F|  |TAMS 0x0000000090100000, 0x0000000090100000| Untracked 
| 202|0x0000000090200000, 0x0000000090200000, 0x0000000090300000|  0%| F|  |TAMS 0x0000000090200000, 0x0000000090200000| Untracked 
| 203|0x0000000090300000, 0x0000000090300000, 0x0000000090400000|  0%| F|  |TAMS 0x0000000090300000, 0x0000000090300000| Untracked 
| 204|0x0000000090400000, 0x0000000090400000, 0x0000000090500000|  0%| F|  |TAMS 0x0000000090400000, 0x0000000090400000| Untracked 
| 205|0x0000000090500000, 0x0000000090500000, 0x0000000090600000|  0%| F|  |TAMS 0x0000000090500000, 0x0000000090500000| Untracked 
| 206|0x0000000090600000, 0x0000000090600000, 0x0000000090700000|  0%| F|  |TAMS 0x0000000090600000, 0x0000000090600000| Untracked 
| 207|0x0000000090700000, 0x0000000090700000, 0x0000000090800000|  0%| F|  |TAMS 0x0000000090700000, 0x0000000090700000| Untracked 
| 208|0x0000000090800000, 0x0000000090800000, 0x0000000090900000|  0%| F|  |TAMS 0x0000000090800000, 0x0000000090800000| Untracked 
| 209|0x0000000090900000, 0x0000000090900000, 0x0000000090a00000|  0%| F|  |TAMS 0x0000000090900000, 0x0000000090900000| Untracked 
| 210|0x0000000090a00000, 0x0000000090a00000, 0x0000000090b00000|  0%| F|  |TAMS 0x0000000090a00000, 0x0000000090a00000| Untracked 
| 211|0x0000000090b00000, 0x0000000090b00000, 0x0000000090c00000|  0%| F|  |TAMS 0x0000000090b00000, 0x0000000090b00000| Untracked 
| 212|0x0000000090c00000, 0x0000000090c00000, 0x0000000090d00000|  0%| F|  |TAMS 0x0000000090c00000, 0x0000000090c00000| Untracked 
| 213|0x0000000090d00000, 0x0000000090d00000, 0x0000000090e00000|  0%| F|  |TAMS 0x0000000090d00000, 0x0000000090d00000| Untracked 
| 214|0x0000000090e00000, 0x0000000090e00000, 0x0000000090f00000|  0%| F|  |TAMS 0x0000000090e00000, 0x0000000090e00000| Untracked 
| 215|0x0000000090f00000, 0x0000000090f00000, 0x0000000091000000|  0%| F|  |TAMS 0x0000000090f00000, 0x0000000090f00000| Untracked 
| 216|0x0000000091000000, 0x0000000091000000, 0x0000000091100000|  0%| F|  |TAMS 0x0000000091000000, 0x0000000091000000| Untracked 
| 217|0x0000000091100000, 0x0000000091100000, 0x0000000091200000|  0%| F|  |TAMS 0x0000000091100000, 0x0000000091100000| Untracked 
| 218|0x0000000091200000, 0x0000000091200000, 0x0000000091300000|  0%| F|  |TAMS 0x0000000091200000, 0x0000000091200000| Untracked 
| 219|0x0000000091300000, 0x0000000091300000, 0x0000000091400000|  0%| F|  |TAMS 0x0000000091300000, 0x0000000091300000| Untracked 
| 220|0x0000000091400000, 0x0000000091400000, 0x0000000091500000|  0%| F|  |TAMS 0x0000000091400000, 0x0000000091400000| Untracked 
| 221|0x0000000091500000, 0x0000000091500000, 0x0000000091600000|  0%| F|  |TAMS 0x0000000091500000, 0x0000000091500000| Untracked 
| 222|0x0000000091600000, 0x0000000091600000, 0x0000000091700000|  0%| F|  |TAMS 0x0000000091600000, 0x0000000091600000| Untracked 
| 223|0x0000000091700000, 0x0000000091700000, 0x0000000091800000|  0%| F|  |TAMS 0x0000000091700000, 0x0000000091700000| Untracked 
| 224|0x0000000091800000, 0x0000000091800000, 0x0000000091900000|  0%| F|  |TAMS 0x0000000091800000, 0x0000000091800000| Untracked 
| 225|0x0000000091900000, 0x0000000091900000, 0x0000000091a00000|  0%| F|  |TAMS 0x0000000091900000, 0x0000000091900000| Untracked 
| 226|0x0000000091a00000, 0x0000000091a00000, 0x0000000091b00000|  0%| F|  |TAMS 0x0000000091a00000, 0x0000000091a00000| Untracked 
| 227|0x0000000091b00000, 0x0000000091b00000, 0x0000000091c00000|  0%| F|  |TAMS 0x0000000091b00000, 0x0000000091b00000| Untracked 
| 228|0x0000000091c00000, 0x0000000091c00000, 0x0000000091d00000|  0%| F|  |TAMS 0x0000000091c00000, 0x0000000091c00000| Untracked 
| 229|0x0000000091d00000, 0x0000000091e00000, 0x0000000091e00000|100%|HS|  |TAMS 0x0000000091e00000, 0x0000000091d00000| Untracked 
| 230|0x0000000091e00000, 0x0000000091f00000, 0x0000000091f00000|100%|HC|  |TAMS 0x0000000091f00000, 0x0000000091e00000| Untracked 
| 231|0x0000000091f00000, 0x0000000091f00000, 0x0000000092000000|  0%| F|  |TAMS 0x0000000091f00000, 0x0000000091f00000| Untracked 
| 232|0x0000000092000000, 0x0000000092000000, 0x0000000092100000|  0%| F|  |TAMS 0x0000000092000000, 0x0000000092000000| Untracked 
| 233|0x0000000092100000, 0x0000000092100000, 0x0000000092200000|  0%| F|  |TAMS 0x0000000092100000, 0x0000000092100000| Untracked 
| 234|0x0000000092200000, 0x0000000092200000, 0x0000000092300000|  0%| F|  |TAMS 0x0000000092200000, 0x0000000092200000| Untracked 
| 235|0x0000000092300000, 0x0000000092300000, 0x0000000092400000|  0%| F|  |TAMS 0x0000000092300000, 0x0000000092300000| Untracked 
| 236|0x0000000092400000, 0x0000000092400000, 0x0000000092500000|  0%| F|  |TAMS 0x0000000092400000, 0x0000000092400000| Untracked 
| 237|0x0000000092500000, 0x0000000092500000, 0x0000000092600000|  0%| F|  |TAMS 0x0000000092500000, 0x0000000092500000| Untracked 
| 272|0x0000000094800000, 0x0000000094808c70, 0x0000000094900000|  3%| E|  |TAMS 0x0000000094800000, 0x0000000094800000| Complete 
| 285|0x0000000095500000, 0x0000000095600000, 0x0000000095600000|100%| O|  |TAMS 0x0000000095600000, 0x0000000095500000| Untracked 

Card table byte_map: [0x00000221799e0000,0x0000022179dd0000] _byte_map_base: 0x00000221795c4000

Marking Bits (Prev, Next): (CMBitMap*) 0x00000221738b5780, (CMBitMap*) 0x00000221738b5740
 Prev Bits: [0x000002217c0e0000, 0x000002217e000000)
 Next Bits: [0x000002217a1c0000, 0x000002217c0e0000)

Polling page: 0x0000022171800000

Metaspace:

Usage:
  Non-class:     57.94 MB used.
      Class:      9.11 MB used.
       Both:     67.05 MB used.

Virtual space:
  Non-class space:       64.00 MB reserved,      58.12 MB ( 91%) committed,  8 nodes.
      Class space:        1.00 GB reserved,       9.31 MB ( <1%) committed,  1 nodes.
             Both:        1.06 GB reserved,      67.44 MB (  6%) committed. 

Chunk freelists:
   Non-Class:  1.38 MB
       Class:  2.67 MB
        Both:  4.05 MB

MaxMetaspaceSize: unlimited
CompressedClassSpaceSize: 1.00 GB
Initial GC threshold: 21.00 MB
Current GC threshold: 112.44 MB
CDS: off
MetaspaceReclaimPolicy: balanced
 - commit_granule_bytes: 65536.
 - commit_granule_words: 8192.
 - virtual_space_node_default_size: 1048576.
 - enlarge_chunks_in_place: 1.
 - new_chunks_are_fully_committed: 0.
 - uncommit_free_chunks: 1.
 - use_allocation_guard: 0.
 - handle_deallocations: 1.


Internal statistics:

num_allocs_failed_limit: 22.
num_arena_births: 752.
num_arena_deaths: 244.
num_vsnodes_births: 9.
num_vsnodes_deaths: 0.
num_space_committed: 1079.
num_space_uncommitted: 0.
num_chunks_returned_to_freelist: 319.
num_chunks_taken_from_freelist: 3181.
num_chunk_merges: 88.
num_chunk_splits: 2062.
num_chunks_enlarged: 1458.
num_purges: 12.
num_inconsistent_stats: 0.

CodeCache: size=49152Kb used=17125Kb max_used=18716Kb free=32026Kb
 bounds [0x00000221764e0000, 0x00000221777b0000, 0x00000221794e0000]
 total_blobs=10209 nmethods=9524 adapters=612
 compilation: enabled
              stopped_count=0, restarted_count=0
 full_count=0

Compilation events (20 events):
Event: 1061.837 Thread 0x000002217f5394c0 9692       1       java.math.BigDecimal::divide (142 bytes)
Event: 1061.837 Thread 0x000002217f5394c0 nmethod 9692 0x00000221773a5a10 code [0x00000221773a5c00, 0x00000221773a5f08]
Event: 1061.837 Thread 0x000002217f5394c0 9693       1       java.math.BigDecimal::compareTo (115 bytes)
Event: 1061.838 Thread 0x000002217f5394c0 nmethod 9693 0x00000221773a5390 code [0x00000221773a5560, 0x00000221773a58a8]
Event: 1061.838 Thread 0x000002217f5394c0 9694       1       java.math.BigDecimal::stripTrailingZeros (71 bytes)
Event: 1061.838 Thread 0x000002217f5394c0 nmethod 9694 0x00000221773a4f10 code [0x00000221773a50c0, 0x00000221773a5298]
Event: 1061.838 Thread 0x000002217f5394c0 9695       1       java.math.BigDecimal::setScale (10 bytes)
Event: 1061.838 Thread 0x000002217f5394c0 nmethod 9695 0x00000221773a4b90 code [0x00000221773a4d20, 0x00000221773a4e08]
Event: 1061.838 Thread 0x000002217f5394c0 9696       1       java.math.BigDecimal::setScale (305 bytes)
Event: 1061.839 Thread 0x000002217f5394c0 nmethod 9696 0x00000221773a3890 code [0x00000221773a3b80, 0x00000221773a4698]
Event: 1061.839 Thread 0x000002217f5394c0 9697       1       java.math.BigDecimal::toPlainString (200 bytes)
Event: 1061.841 Thread 0x000002217f5394c0 nmethod 9697 0x0000022176c1b890 code [0x0000022176c1bb20, 0x0000022176c1c3a8]
Event: 1073.592 Thread 0x000002217f5394c0 9698       1       java.time.format.DateTimeFormatterBuilder$FractionPrinterParser::format (173 bytes)
Event: 1073.593 Thread 0x000002217f5394c0 nmethod 9698 0x00000221773a2e10 code [0x00000221773a3040, 0x00000221773a3418]
Event: 1073.593 Thread 0x000002217f5394c0 9700       1       java.math.BigDecimal::getValueString (160 bytes)
Event: 1073.594 Thread 0x000002217f5394c0 nmethod 9700 0x0000022176c1aa90 code [0x0000022176c1ad00, 0x0000022176c1b458]
Event: 1073.594 Thread 0x000002217f5394c0 9699       1       java.math.BigDecimal::divideAndRound (132 bytes)
Event: 1073.595 Thread 0x000002217f5394c0 nmethod 9699 0x0000022176c1a410 code [0x0000022176c1a600, 0x0000022176c1a948]
Event: 1093.273 Thread 0x000002217f5394c0 9701   !   1       org.springframework.ide.vscode.commons.java.IClasspathUtil::getBinaryRoots (93 bytes)
Event: 1093.275 Thread 0x000002217f5394c0 nmethod 9701 0x0000022176c19610 code [0x0000022176c19840, 0x0000022176c19e68]

GC Heap History (20 events):
Event: 920.103 GC heap before
{Heap before GC invocations=92 (full 53):
 garbage-first heap   total 245760K, used 73393K [0x0000000083800000, 0x0000000100000000)
  region size 1024K, 1 young (1024K), 0 survivors (0K)
 Metaspace       used 68543K, committed 68928K, reserved 1114112K
  class space    used 9303K, committed 9472K, reserved 1048576K
}
Event: 920.143 GC heap after
{Heap after GC invocations=93 (full 54):
 garbage-first heap   total 245760K, used 73390K [0x0000000083800000, 0x0000000100000000)
  region size 1024K, 0 young (0K), 0 survivors (0K)
 Metaspace       used 68543K, committed 68928K, reserved 1114112K
  class space    used 9303K, committed 9472K, reserved 1048576K
}
Event: 930.359 GC heap before
{Heap before GC invocations=93 (full 54):
 garbage-first heap   total 245760K, used 73390K [0x0000000083800000, 0x0000000100000000)
  region size 1024K, 1 young (1024K), 0 survivors (0K)
 Metaspace       used 68543K, committed 68928K, reserved 1114112K
  class space    used 9303K, committed 9472K, reserved 1048576K
}
Event: 930.413 GC heap after
{Heap after GC invocations=94 (full 55):
 garbage-first heap   total 245760K, used 73390K [0x0000000083800000, 0x0000000100000000)
  region size 1024K, 0 young (0K), 0 survivors (0K)
 Metaspace       used 68543K, committed 68928K, reserved 1114112K
  class space    used 9303K, committed 9472K, reserved 1048576K
}
Event: 940.870 GC heap before
{Heap before GC invocations=94 (full 55):
 garbage-first heap   total 245760K, used 73390K [0x0000000083800000, 0x0000000100000000)
  region size 1024K, 1 young (1024K), 0 survivors (0K)
 Metaspace       used 68543K, committed 68928K, reserved 1114112K
  class space    used 9303K, committed 9472K, reserved 1048576K
}
Event: 940.965 GC heap after
{Heap after GC invocations=95 (full 56):
 garbage-first heap   total 245760K, used 73390K [0x0000000083800000, 0x0000000100000000)
  region size 1024K, 0 young (0K), 0 survivors (0K)
 Metaspace       used 68543K, committed 68928K, reserved 1114112K
  class space    used 9303K, committed 9472K, reserved 1048576K
}
Event: 951.129 GC heap before
{Heap before GC invocations=95 (full 56):
 garbage-first heap   total 245760K, used 73390K [0x0000000083800000, 0x0000000100000000)
  region size 1024K, 1 young (1024K), 0 survivors (0K)
 Metaspace       used 68543K, committed 68928K, reserved 1114112K
  class space    used 9303K, committed 9472K, reserved 1048576K
}
Event: 951.179 GC heap after
{Heap after GC invocations=96 (full 57):
 garbage-first heap   total 245760K, used 73390K [0x0000000083800000, 0x0000000100000000)
  region size 1024K, 0 young (0K), 0 survivors (0K)
 Metaspace       used 68543K, committed 68928K, reserved 1114112K
  class space    used 9303K, committed 9472K, reserved 1048576K
}
Event: 961.394 GC heap before
{Heap before GC invocations=96 (full 57):
 garbage-first heap   total 245760K, used 73390K [0x0000000083800000, 0x0000000100000000)
  region size 1024K, 1 young (1024K), 0 survivors (0K)
 Metaspace       used 68543K, committed 68928K, reserved 1114112K
  class space    used 9303K, committed 9472K, reserved 1048576K
}
Event: 961.437 GC heap after
{Heap after GC invocations=97 (full 58):
 garbage-first heap   total 245760K, used 72997K [0x0000000083800000, 0x0000000100000000)
  region size 1024K, 0 young (0K), 0 survivors (0K)
 Metaspace       used 68538K, committed 68928K, reserved 1114112K
  class space    used 9302K, committed 9472K, reserved 1048576K
}
Event: 971.621 GC heap before
{Heap before GC invocations=97 (full 58):
 garbage-first heap   total 245760K, used 72997K [0x0000000083800000, 0x0000000100000000)
  region size 1024K, 1 young (1024K), 0 survivors (0K)
 Metaspace       used 68538K, committed 68928K, reserved 1114112K
  class space    used 9302K, committed 9472K, reserved 1048576K
}
Event: 971.681 GC heap after
{Heap after GC invocations=98 (full 59):
 garbage-first heap   total 245760K, used 72997K [0x0000000083800000, 0x0000000100000000)
  region size 1024K, 0 young (0K), 0 survivors (0K)
 Metaspace       used 68538K, committed 68928K, reserved 1114112K
  class space    used 9302K, committed 9472K, reserved 1048576K
}
Event: 982.128 GC heap before
{Heap before GC invocations=98 (full 59):
 garbage-first heap   total 245760K, used 72997K [0x0000000083800000, 0x0000000100000000)
  region size 1024K, 1 young (1024K), 0 survivors (0K)
 Metaspace       used 68538K, committed 68928K, reserved 1114112K
  class space    used 9302K, committed 9472K, reserved 1048576K
}
Event: 982.238 GC heap after
{Heap after GC invocations=99 (full 60):
 garbage-first heap   total 245760K, used 72996K [0x0000000083800000, 0x0000000100000000)
  region size 1024K, 0 young (0K), 0 survivors (0K)
 Metaspace       used 68538K, committed 68928K, reserved 1114112K
  class space    used 9302K, committed 9472K, reserved 1048576K
}
Event: 992.580 GC heap before
{Heap before GC invocations=99 (full 60):
 garbage-first heap   total 245760K, used 72996K [0x0000000083800000, 0x0000000100000000)
  region size 1024K, 1 young (1024K), 0 survivors (0K)
 Metaspace       used 68538K, committed 68928K, reserved 1114112K
  class space    used 9302K, committed 9472K, reserved 1048576K
}
Event: 992.638 GC heap after
{Heap after GC invocations=100 (full 61):
 garbage-first heap   total 245760K, used 72996K [0x0000000083800000, 0x0000000100000000)
  region size 1024K, 0 young (0K), 0 survivors (0K)
 Metaspace       used 68538K, committed 68928K, reserved 1114112K
  class space    used 9302K, committed 9472K, reserved 1048576K
}
Event: 1034.366 GC heap before
{Heap before GC invocations=100 (full 61):
 garbage-first heap   total 245760K, used 172324K [0x0000000083800000, 0x0000000100000000)
  region size 1024K, 97 young (99328K), 0 survivors (0K)
 Metaspace       used 68636K, committed 69056K, reserved 1114112K
  class space    used 9322K, committed 9536K, reserved 1048576K
}
Event: 1034.382 GC heap after
{Heap after GC invocations=101 (full 61):
 garbage-first heap   total 245760K, used 84377K [0x0000000083800000, 0x0000000100000000)
  region size 1024K, 12 young (12288K), 12 survivors (12288K)
 Metaspace       used 68636K, committed 69056K, reserved 1114112K
  class space    used 9322K, committed 9536K, reserved 1048576K
}
Event: 1133.314 GC heap before
{Heap before GC invocations=101 (full 61):
 garbage-first heap   total 245760K, used 143769K [0x0000000083800000, 0x0000000100000000)
  region size 1024K, 68 young (69632K), 12 survivors (12288K)
 Metaspace       used 68660K, committed 69056K, reserved 1114112K
  class space    used 9331K, committed 9536K, reserved 1048576K
}
Event: 1133.468 GC heap after
{Heap after GC invocations=102 (full 62):
 garbage-first heap   total 245760K, used 89819K [0x0000000083800000, 0x0000000100000000)
  region size 1024K, 0 young (0K), 0 survivors (0K)
 Metaspace       used 68660K, committed 69056K, reserved 1114112K
  class space    used 9331K, committed 9536K, reserved 1048576K
}

Dll operation events (10 events):
Event: 0.033 Loaded shared library c:\Users\a832439\.vscode\extensions\redhat.java-1.13.0-win32-x64\jre\17.0.5-win32-x86_64\bin\java.dll
Event: 3.213 Loaded shared library C:\Users\a832439\.vscode\extensions\redhat.java-1.13.0-win32-x64\jre\17.0.5-win32-x86_64\bin\net.dll
Event: 3.218 Loaded shared library C:\Users\a832439\.vscode\extensions\redhat.java-1.13.0-win32-x64\jre\17.0.5-win32-x86_64\bin\nio.dll
Event: 4.820 Loaded shared library C:\Users\a832439\.vscode\extensions\redhat.java-1.13.0-win32-x64\jre\17.0.5-win32-x86_64\bin\zip.dll
Event: 19.947 Loaded shared library C:\Users\a832439\.vscode\extensions\redhat.java-1.13.0-win32-x64\jre\17.0.5-win32-x86_64\bin\jimage.dll
Event: 21.733 Loaded shared library c:\Users\a832439\.vscode\extensions\redhat.java-1.13.0-win32-x64\jre\17.0.5-win32-x86_64\bin\verify.dll
Event: 28.921 Loaded shared library C:\Users\a832439\.vscode\extensions\redhat.java-1.13.0-win32-x64\jre\17.0.5-win32-x86_64\bin\management.dll
Event: 28.928 Loaded shared library C:\Users\a832439\.vscode\extensions\redhat.java-1.13.0-win32-x64\jre\17.0.5-win32-x86_64\bin\management_ext.dll
Event: 31.655 Loaded shared library C:\Users\a832439\.vscode\extensions\redhat.java-1.13.0-win32-x64\jre\17.0.5-win32-x86_64\bin\sunmscapi.dll
Event: 46.962 Loaded shared library C:\Users\a832439\AppData\Local\Temp\snappy-1.1.8-5cbb1f3c-541f-473c-b7d3-1a1fdd62986b-snappyjava.dll

Deoptimization events (20 events):
Event: 31.606 Thread 0x0000022103414e00 DEOPT PACKING pc=0x000002217664fb8c sp=0x00000025128fe470
Event: 31.606 Thread 0x0000022103414e00 DEOPT UNPACKING pc=0x0000022176532b43 sp=0x00000025128fd938 mode 0
Event: 43.509 Thread 0x0000022102a6b220 DEOPT PACKING pc=0x0000022176a5de52 sp=0x00000025113fce40
Event: 43.509 Thread 0x0000022102a6b220 DEOPT UNPACKING pc=0x0000022176532b43 sp=0x00000025113fc348 mode 3
Event: 44.393 Thread 0x0000022102a6b220 DEOPT PACKING pc=0x0000022177292ef4 sp=0x00000025113fe420
Event: 44.393 Thread 0x0000022102a6b220 DEOPT UNPACKING pc=0x0000022176532b43 sp=0x00000025113fd918 mode 0
Event: 44.393 Thread 0x0000022102a6b220 DEOPT PACKING pc=0x00000221772b3374 sp=0x00000025113fe4f0
Event: 44.393 Thread 0x0000022102a6b220 DEOPT UNPACKING pc=0x0000022176532b43 sp=0x00000025113fd9c8 mode 0
Event: 44.393 Thread 0x0000022102a6b220 DEOPT PACKING pc=0x000002217725b2a4 sp=0x00000025113fe5a0
Event: 44.393 Thread 0x0000022102a6b220 DEOPT UNPACKING pc=0x0000022176532b43 sp=0x00000025113fdb20 mode 0
Event: 44.394 Thread 0x0000022102a6b220 DEOPT PACKING pc=0x00000221772a8bac sp=0x00000025113fe8c0
Event: 44.395 Thread 0x0000022102a6b220 DEOPT UNPACKING pc=0x0000022176532b43 sp=0x00000025113fdd50 mode 0
Event: 82.533 Thread 0x0000022103102560 DEOPT PACKING pc=0x0000022176babfd4 sp=0x0000002510aff030
Event: 82.533 Thread 0x0000022103102560 DEOPT UNPACKING pc=0x0000022176532b43 sp=0x0000002510afe4d8 mode 0
Event: 565.136 Thread 0x0000022103411910 DEOPT PACKING pc=0x0000022176e710fd sp=0x00000025124fd700
Event: 565.136 Thread 0x0000022103411910 DEOPT UNPACKING pc=0x0000022176532b43 sp=0x00000025124fcc68 mode 3
Event: 1033.156 Thread 0x00000221058aba30 DEOPT PACKING pc=0x00000221776182ee sp=0x000000250e8fdb60
Event: 1033.156 Thread 0x00000221058aba30 DEOPT UNPACKING pc=0x0000022176532b43 sp=0x000000250e8fd058 mode 3
Event: 1033.591 Thread 0x0000022103411910 DEOPT PACKING pc=0x0000022176638d44 sp=0x00000025124fd3e0
Event: 1033.591 Thread 0x0000022103411910 DEOPT UNPACKING pc=0x0000022176532b43 sp=0x00000025124fc8d0 mode 3

Classes unloaded (20 events):
Event: 272.903 Thread 0x000002217ead6aa0 Unloading class 0x00000001000c9c00 'java/lang/invoke/LambdaForm$MH+0x00000001000c9c00'
Event: 272.903 Thread 0x000002217ead6aa0 Unloading class 0x00000001000c9400 'java/lang/invoke/LambdaForm$MH+0x00000001000c9400'
Event: 272.903 Thread 0x000002217ead6aa0 Unloading class 0x00000001000c8c00 'java/lang/invoke/LambdaForm$MH+0x00000001000c8c00'
Event: 272.903 Thread 0x000002217ead6aa0 Unloading class 0x00000001000c8400 'java/lang/invoke/LambdaForm$MH+0x00000001000c8400'
Event: 704.482 Thread 0x000002217ead6aa0 Unloading class 0x000000010039a000 'java/lang/invoke/LambdaForm$MH+0x000000010039a000'
Event: 704.482 Thread 0x000002217ead6aa0 Unloading class 0x00000001004d0000 'java/lang/invoke/LambdaForm$MH+0x00000001004d0000'
Event: 704.482 Thread 0x000002217ead6aa0 Unloading class 0x00000001004e8000 'java/lang/invoke/LambdaForm$MH+0x00000001004e8000'
Event: 704.482 Thread 0x000002217ead6aa0 Unloading class 0x000000010052cc00 'java/lang/invoke/LambdaForm$MH+0x000000010052cc00'
Event: 704.482 Thread 0x000002217ead6aa0 Unloading class 0x000000010052dc00 'java/lang/invoke/LambdaForm$MH+0x000000010052dc00'
Event: 704.482 Thread 0x000002217ead6aa0 Unloading class 0x00000001005e8800 'java/lang/invoke/LambdaForm$MH+0x00000001005e8800'
Event: 704.482 Thread 0x000002217ead6aa0 Unloading class 0x00000001006d6400 'java/lang/invoke/LambdaForm$MH+0x00000001006d6400'
Event: 704.482 Thread 0x000002217ead6aa0 Unloading class 0x0000000100714000 'java/lang/invoke/LambdaForm$MH+0x0000000100714000'
Event: 704.482 Thread 0x000002217ead6aa0 Unloading class 0x0000000100888000 'java/lang/invoke/LambdaForm$MH+0x0000000100888000'
Event: 704.482 Thread 0x000002217ead6aa0 Unloading class 0x00000001008c6000 'java/lang/invoke/LambdaForm$MH+0x00000001008c6000'
Event: 704.482 Thread 0x000002217ead6aa0 Unloading class 0x00000001000c8c00 'java/lang/invoke/LambdaForm$MH+0x00000001000c8c00'
Event: 704.482 Thread 0x000002217ead6aa0 Unloading class 0x00000001000c9400 'java/lang/invoke/LambdaForm$MH+0x00000001000c9400'
Event: 704.482 Thread 0x000002217ead6aa0 Unloading class 0x00000001000c9c00 'java/lang/invoke/LambdaForm$MH+0x00000001000c9c00'
Event: 961.417 Thread 0x000002217ead6aa0 Unloading class 0x00000001005e8800 'java/lang/invoke/LambdaForm$MH+0x00000001005e8800'
Event: 961.417 Thread 0x000002217ead6aa0 Unloading class 0x000000010052dc00 'java/lang/invoke/LambdaForm$MH+0x000000010052dc00'
Event: 961.417 Thread 0x000002217ead6aa0 Unloading class 0x000000010052cc00 'java/lang/invoke/LambdaForm$MH+0x000000010052cc00'

Classes redefined (0 events):
No events

Internal exceptions (20 events):
Event: 1034.993 Thread 0x0000022103411de0 Exception <a 'sun/nio/fs/WindowsException'{0x000000008f5a4b98}> (0x000000008f5a4b98) 
thrown [s\src\hotspot\share\prims\jni.cpp, line 516]
Event: 1034.993 Thread 0x0000022103411de0 Exception <a 'sun/nio/fs/WindowsException'{0x000000008f5a4ef8}> (0x000000008f5a4ef8) 
thrown [s\src\hotspot\share\prims\jni.cpp, line 516]
Event: 1034.993 Thread 0x0000022103411de0 Exception <a 'sun/nio/fs/WindowsException'{0x000000008f5a63b0}> (0x000000008f5a63b0) 
thrown [s\src\hotspot\share\prims\jni.cpp, line 516]
Event: 1034.994 Thread 0x0000022103411de0 Exception <a 'sun/nio/fs/WindowsException'{0x000000008f5a6738}> (0x000000008f5a6738) 
thrown [s\src\hotspot\share\prims\jni.cpp, line 516]
Event: 1034.996 Thread 0x0000022103411de0 Exception <a 'sun/nio/fs/WindowsException'{0x000000008f5fa5a8}> (0x000000008f5fa5a8) 
thrown [s\src\hotspot\share\prims\jni.cpp, line 516]
Event: 1034.996 Thread 0x0000022103411de0 Exception <a 'sun/nio/fs/WindowsException'{0x000000008f5fa928}> (0x000000008f5fa928) 
thrown [s\src\hotspot\share\prims\jni.cpp, line 516]
Event: 1034.996 Thread 0x0000022103411de0 Exception <a 'sun/nio/fs/WindowsException'{0x000000008f5fbde8}> (0x000000008f5fbde8) 
thrown [s\src\hotspot\share\prims\jni.cpp, line 516]
Event: 1034.996 Thread 0x0000022103411de0 Exception <a 'sun/nio/fs/WindowsException'{0x000000008f5fc178}> (0x000000008f5fc178) 
thrown [s\src\hotspot\share\prims\jni.cpp, line 516]
Event: 1035.003 Thread 0x0000022103411de0 Exception <a 'sun/nio/fs/WindowsException'{0x000000008f346c60}> (0x000000008f346c60) 
thrown [s\src\hotspot\share\prims\jni.cpp, line 516]
Event: 1035.003 Thread 0x0000022103411de0 Exception <a 'sun/nio/fs/WindowsException'{0x000000008f346fe0}> (0x000000008f346fe0) 
thrown [s\src\hotspot\share\prims\jni.cpp, line 516]
Event: 1035.004 Thread 0x0000022103411de0 Exception <a 'sun/nio/fs/WindowsException'{0x000000008f3484a0}> (0x000000008f3484a0) 
thrown [s\src\hotspot\share\prims\jni.cpp, line 516]
Event: 1035.004 Thread 0x0000022103411de0 Exception <a 'sun/nio/fs/WindowsException'{0x000000008f348840}> (0x000000008f348840) 
thrown [s\src\hotspot\share\prims\jni.cpp, line 516]
Event: 1035.010 Thread 0x0000022103411de0 Exception <a 'sun/nio/fs/WindowsException'{0x000000008f26a548}> (0x000000008f26a548) 
thrown [s\src\hotspot\share\prims\jni.cpp, line 516]
Event: 1035.010 Thread 0x0000022103411de0 Exception <a 'sun/nio/fs/WindowsException'{0x000000008f26a8d8}> (0x000000008f26a8d8) 
thrown [s\src\hotspot\share\prims\jni.cpp, line 516]
Event: 1035.010 Thread 0x0000022103411de0 Exception <a 'sun/nio/fs/WindowsException'{0x000000008f26bdc0}> (0x000000008f26bdc0) 
thrown [s\src\hotspot\share\prims\jni.cpp, line 516]
Event: 1035.010 Thread 0x0000022103411de0 Exception <a 'sun/nio/fs/WindowsException'{0x000000008f26c178}> (0x000000008f26c178) 
thrown [s\src\hotspot\share\prims\jni.cpp, line 516]
Event: 1035.028 Thread 0x0000022103411de0 Exception <a 'sun/nio/fs/WindowsException'{0x000000008f076040}> (0x000000008f076040) 
thrown [s\src\hotspot\share\prims\jni.cpp, line 516]
Event: 1035.028 Thread 0x0000022103411de0 Exception <a 'sun/nio/fs/WindowsException'{0x000000008f076390}> (0x000000008f076390) 
thrown [s\src\hotspot\share\prims\jni.cpp, line 516]
Event: 1035.028 Thread 0x0000022103411de0 Exception <a 'sun/nio/fs/WindowsException'{0x000000008f077820}> (0x000000008f077820) 
thrown [s\src\hotspot\share\prims\jni.cpp, line 516]
Event: 1035.028 Thread 0x0000022103411de0 Exception <a 'sun/nio/fs/WindowsException'{0x000000008f077b80}> (0x000000008f077b80) 
thrown [s\src\hotspot\share\prims\jni.cpp, line 516]

VM Operations (20 events):
Event: 1033.157 Executing VM operation: HandshakeAllThreads done
Event: 1033.336 Executing VM operation: HandshakeAllThreads
Event: 1033.337 Executing VM operation: HandshakeAllThreads done
Event: 1033.337 Executing VM operation: HandshakeAllThreads
Event: 1033.337 Executing VM operation: HandshakeAllThreads done
Event: 1034.338 Executing VM operation: Cleanup
Event: 1034.339 Executing VM operation: Cleanup done
Event: 1034.366 Executing VM operation: G1CollectForAllocation
Event: 1034.382 Executing VM operation: G1CollectForAllocation done
Event: 1036.382 Executing VM operation: Cleanup
Event: 1036.383 Executing VM operation: Cleanup done
Event: 1037.395 Executing VM operation: Cleanup
Event: 1037.396 Executing VM operation: Cleanup done
Event: 1038.400 Executing VM operation: Cleanup
Event: 1038.400 Executing VM operation: Cleanup done
Event: 1073.705 Executing VM operation: Cleanup
Event: 1073.705 Executing VM operation: Cleanup done
Event: 1133.313 Executing VM operation: G1CollectFull
Event: 1133.468 Executing VM operation: G1CollectFull done
Event: 1144.221 Executing VM operation: G1CollectFull

Events (20 events):
Event: 1033.361 Thread 0x000002217f539dc0 flushing nmethod 0x00000221772a8690
Event: 1033.361 Thread 0x000002217f539dc0 flushing nmethod 0x00000221772b2c90
Event: 1033.361 Thread 0x000002217f539dc0 flushing nmethod 0x00000221772b4990
Event: 1033.361 Thread 0x000002217f539dc0 flushing nmethod 0x00000221772ca310
Event: 1033.362 Thread 0x000002217f539dc0 flushing nmethod 0x0000022177320810
Event: 1033.362 Thread 0x000002217f539dc0 flushing nmethod 0x0000022177339290
Event: 1033.362 Thread 0x000002217f539dc0 flushing nmethod 0x000002217733bd90
Event: 1033.363 Thread 0x000002217f539dc0 flushing nmethod 0x00000221773a2a90
Event: 1033.363 Thread 0x000002217f539dc0 flushing nmethod 0x00000221773a4c90
Event: 1033.382 Thread 0x0000022102728830 Thread added: 0x0000022102728830
Event: 1033.382 Thread 0x000002217f91c130 Thread added: 0x000002217f91c130
Event: 1033.385 Thread 0x00000221025a7580 Thread added: 0x00000221025a7580
Event: 1033.833 Thread 0x00000221058af3f0 Thread added: 0x00000221058af3f0
Event: 1035.043 Thread 0x00000221025a7580 Thread exited: 0x00000221025a7580
Event: 1035.043 Thread 0x000002217f91c130 Thread exited: 0x000002217f91c130
Event: 1039.221 Thread 0x0000022102728830 Thread exited: 0x0000022102728830
Event: 1094.570 Thread 0x00000221058af3f0 Thread exited: 0x00000221058af3f0
Event: 1095.045 Thread 0x00000221058b0260 Thread exited: 0x00000221058b0260
Event: 1095.063 Thread 0x00000221058ab090 Thread exited: 0x00000221058ab090
Event: 1103.874 Thread 0x0000022103411de0 Thread exited: 0x0000022103411de0


Dynamic libraries:
0x00007ff649660000 - 0x00007ff64966e000 	c:\Users\a832439\.vscode\extensions\redhat.java-1.13.0-win32-x64\jre\17.0.5-win32-x86_64\bin\java.exe
0x00007ffcec2f0000 - 0x00007ffcec4e8000 	C:\Windows\SYSTEM32\ntdll.dll
0x00007ffcea400000 - 0x00007ffcea4bf000 	C:\Windows\System32\KERNEL32.DLL
0x00007ffce9ca0000 - 0x00007ffce9f72000 	C:\Windows\System32\KERNELBASE.dll
0x00007ffce9b70000 - 0x00007ffce9c70000 	C:\Windows\System32\ucrtbase.dll
0x00007ffce3ee0000 - 0x00007ffce3ef7000 	c:\Users\a832439\.vscode\extensions\redhat.java-1.13.0-win32-x64\jre\17.0.5-win32-x86_64\bin\jli.dll
0x00007ffce0380000 - 0x00007ffce0399000 	c:\Users\a832439\.vscode\extensions\redhat.java-1.13.0-win32-x64\jre\17.0.5-win32-x86_64\bin\VCRUNTIME140.dll
0x00007ffcd0550000 - 0x00007ffcd07ea000 	C:\Windows\WinSxS\amd64_microsoft.windows.common-controls_6595b64144ccf1df_6.0.19041.1110_none_60b5254171f9507e\COMCTL32.dll
0x00007ffcea530000 - 0x00007ffcea6d1000 	C:\Windows\System32\USER32.dll
0x00007ffce9c70000 - 0x00007ffce9c92000 	C:\Windows\System32\win32u.dll
0x00007ffcea780000 - 0x00007ffcea7ab000 	C:\Windows\System32\GDI32.dll
0x00007ffce9f80000 - 0x00007ffcea08f000 	C:\Windows\System32\gdi32full.dll
0x00007ffcea6e0000 - 0x00007ffcea77e000 	C:\Windows\System32\msvcrt.dll
0x00007ffcea090000 - 0x00007ffcea12d000 	C:\Windows\System32\msvcp_win.dll
0x00007ffceb640000 - 0x00007ffceb672000 	C:\Windows\System32\IMM32.DLL
0x00007ffce5060000 - 0x00007ffce506c000 	c:\Users\a832439\.vscode\extensions\redhat.java-1.13.0-win32-x64\jre\17.0.5-win32-x86_64\bin\vcruntime140_1.dll
0x00007ffc7b280000 - 0x00007ffc7b311000 	c:\Users\a832439\.vscode\extensions\redhat.java-1.13.0-win32-x64\jre\17.0.5-win32-x86_64\bin\msvcp140.dll
0x00007ffc73520000 - 0x00007ffc74164000 	c:\Users\a832439\.vscode\extensions\redhat.java-1.13.0-win32-x64\jre\17.0.5-win32-x86_64\bin\server\jvm.dll
0x00007ffceb510000 - 0x00007ffceb5be000 	C:\Windows\System32\ADVAPI32.dll
0x00007ffcec1b0000 - 0x00007ffcec24c000 	C:\Windows\System32\sechost.dll
0x00007ffceb680000 - 0x00007ffceb7a5000 	C:\Windows\System32\RPCRT4.dll
0x00007ffcd0bd0000 - 0x00007ffcd0bd9000 	C:\Windows\SYSTEM32\WSOCK32.dll
0x00007ffcea9c0000 - 0x00007ffceaa2b000 	C:\Windows\System32\WS2_32.dll
0x00007ffce3fe0000 - 0x00007ffce4007000 	C:\Windows\SYSTEM32\WINMM.dll
0x00007ffce22b0000 - 0x00007ffce22ba000 	C:\Windows\SYSTEM32\VERSION.dll
0x00007ffce8130000 - 0x00007ffce8142000 	C:\Windows\SYSTEM32\kernel.appcore.dll
0x00007ffce34b0000 - 0x00007ffce34ba000 	c:\Users\a832439\.vscode\extensions\redhat.java-1.13.0-win32-x64\jre\17.0.5-win32-x86_64\bin\jimage.dll
0x00007ffce7630000 - 0x00007ffce7814000 	C:\Windows\SYSTEM32\DBGHELP.DLL
0x00007ffce3f90000 - 0x00007ffce3fc5000 	C:\Windows\SYSTEM32\dbgcore.DLL
0x00007ffce9a90000 - 0x00007ffce9b12000 	C:\Windows\System32\bcryptPrimitives.dll
0x00007ffccac20000 - 0x00007ffccac45000 	c:\Users\a832439\.vscode\extensions\redhat.java-1.13.0-win32-x64\jre\17.0.5-win32-x86_64\bin\java.dll
0x00007ffcced90000 - 0x00007ffcceda8000 	c:\Users\a832439\.vscode\extensions\redhat.java-1.13.0-win32-x64\jre\17.0.5-win32-x86_64\bin\zip.dll
0x00007ffceb9b0000 - 0x00007ffcec0f4000 	C:\Windows\System32\SHELL32.dll
0x00007ffce7930000 - 0x00007ffce80c2000 	C:\Windows\SYSTEM32\windows.storage.dll
0x00007ffceaac0000 - 0x00007ffceae15000 	C:\Windows\System32\combase.dll
0x00007ffce92f0000 - 0x00007ffce9320000 	C:\Windows\SYSTEM32\Wldp.dll
0x00007ffcea7b0000 - 0x00007ffcea85d000 	C:\Windows\System32\SHCORE.dll
0x00007ffceae20000 - 0x00007ffceae75000 	C:\Windows\System32\shlwapi.dll
0x00007ffce9920000 - 0x00007ffce993f000 	C:\Windows\SYSTEM32\profapi.dll
0x00007ffcd0840000 - 0x00007ffcd0859000 	C:\Users\a832439\.vscode\extensions\redhat.java-1.13.0-win32-x64\jre\17.0.5-win32-x86_64\bin\net.dll
0x00007ffce8920000 - 0x00007ffce8a2c000 	C:\Windows\SYSTEM32\WINHTTP.dll
0x00007ffce9060000 - 0x00007ffce90ca000 	C:\Windows\system32\mswsock.dll
0x00007ffccac00000 - 0x00007ffccac15000 	C:\Users\a832439\.vscode\extensions\redhat.java-1.13.0-win32-x64\jre\17.0.5-win32-x86_64\bin\nio.dll
0x00007ffcd4420000 - 0x00007ffcd4430000 	c:\Users\a832439\.vscode\extensions\redhat.java-1.13.0-win32-x64\jre\17.0.5-win32-x86_64\bin\verify.dll
0x00007ffce93a0000 - 0x00007ffce93b8000 	C:\Windows\SYSTEM32\CRYPTSP.dll
0x00007ffce8890000 - 0x00007ffce88c4000 	C:\Windows\system32\rsaenh.dll
0x00007ffcea300000 - 0x00007ffcea327000 	C:\Windows\System32\bcrypt.dll
0x00007ffce98a0000 - 0x00007ffce98ce000 	C:\Windows\SYSTEM32\USERENV.dll
0x00007ffce9260000 - 0x00007ffce926c000 	C:\Windows\SYSTEM32\CRYPTBASE.dll
0x00007ffce8d70000 - 0x00007ffce8dab000 	C:\Windows\SYSTEM32\IPHLPAPI.DLL
0x00007ffceb350000 - 0x00007ffceb358000 	C:\Windows\System32\NSI.dll
0x00007ffce0780000 - 0x00007ffce0797000 	C:\Windows\SYSTEM32\dhcpcsvc6.DLL
0x00007ffce0d90000 - 0x00007ffce0dad000 	C:\Windows\SYSTEM32\dhcpcsvc.DLL
0x00007ffce8db0000 - 0x00007ffce8e7a000 	C:\Windows\SYSTEM32\DNSAPI.dll
0x00007ffce0120000 - 0x00007ffce0129000 	C:\Users\a832439\.vscode\extensions\redhat.java-1.13.0-win32-x64\jre\17.0.5-win32-x86_64\bin\management.dll
0x00007ffcd4410000 - 0x00007ffcd441b000 	C:\Users\a832439\.vscode\extensions\redhat.java-1.13.0-win32-x64\jre\17.0.5-win32-x86_64\bin\management_ext.dll
0x00007ffcea520000 - 0x00007ffcea528000 	C:\Windows\System32\PSAPI.DLL
0x00007ffcd03e0000 - 0x00007ffcd03ee000 	C:\Users\a832439\.vscode\extensions\redhat.java-1.13.0-win32-x64\jre\17.0.5-win32-x86_64\bin\sunmscapi.dll
0x00007ffcea130000 - 0x00007ffcea286000 	C:\Windows\System32\CRYPT32.dll
0x00007ffce94b0000 - 0x00007ffce94d7000 	C:\Windows\SYSTEM32\ncrypt.dll
0x00007ffce9470000 - 0x00007ffce94ab000 	C:\Windows\SYSTEM32\NTASN1.dll
0x00007ffcd4370000 - 0x00007ffcd437a000 	C:\Windows\System32\rasadhlp.dll
0x00007ffce0db0000 - 0x00007ffce0e30000 	C:\Windows\System32\fwpuclnt.dll
0x000000006c500000 - 0x000000006c5c7000 	C:\Users\a832439\AppData\Local\Temp\snappy-1.1.8-5cbb1f3c-541f-473c-b7d3-1a1fdd62986b-snappyjava.dll

dbghelp: loaded successfully - version: 4.0.5 - missing functions: none
symbol engine: initialized successfully - sym options: 0x614 - pdb path: .;c:\Users\a832439\.vscode\extensions\redhat.java-1.13.0-win32-x64\jre\17.0.5-win32-x86_64\bin;C:\Windows\SYSTEM32;C:\Windows\WinSxS\amd64_microsoft.windows.common-controls_6595b64144ccf1df_6.0.19041.1110_none_60b5254171f9507e;c:\Users\a832439\.vscode\extensions\redhat.java-1.13.0-win32-x64\jre\17.0.5-win32-x86_64\bin\server;C:\Users\a832439\AppData\Local\Temp

VM Arguments:
jvm_args: -Dsts.lsp.client=vscode -Dsts.log.file=/dev/null -XX:TieredStopAtLevel=1 -Xlog:jni+resolve=off -Dspring.config.location=file:c:\Users\a832439\.vscode\extensions\pivotal.vscode-spring-boot-1.43.0\language-server\BOOT-INF\classes\application.properties 
java_command: org.springframework.ide.vscode.boot.app.BootLanguageServerBootApp
java_class_path (initial): c:\Users\a832439\.vscode\extensions\pivotal.vscode-spring-boot-1.43.0\language-server\BOOT-INF\classes;c:\Users\a832439\.vscode\extensions\pivotal.vscode-spring-boot-1.43.0\language-server\BOOT-INF\lib\annotations-23.1.0.jar;c:\Users\a832439\.vscode\extensions\pivotal.vscode-spring-boot-1.43.0\language-server\BOOT-INF\lib\ant-1.10.12.jar;c:\Users\a832439\.vscode\extensions\pivotal.vscode-spring-boot-1.43.0\language-server\BOOT-INF\lib\ant-launcher-1.10.12.jar;c:\Users\a832439\.vscode\extensions\pivotal.vscode-spring-boot-1.43.0\language-server\BOOT-INF\lib\antlr-runtime-3.5.2.jar;c:\Users\a832439\.vscode\extensions\pivotal.vscode-spring-boot-1.43.0\language-server\BOOT-INF\lib\antlr4-4.9.3.jar;c:\Users\a832439\.vscode\extensions\pivotal.vscode-spring-boot-1.43.0\language-server\BOOT-INF\lib\antlr4-runtime-4.9.3.jar;c:\Users\a832439\.vscode\extensions\pivotal.vscode-spring-boot-1.43.0\language-server\BOOT-INF\lib\apiguardian-api-1.1.2.jar;c:\Users\a832439\.vscode\extensions\pivotal.vscode-spring-boot-1.43.0\language-server\BOOT-INF\lib\asm-9.4.jar;c:\Users\a832439\.vscode\extensions\pivotal.vscode-spring-boot-1.43.0\language-server\BOOT-INF\lib\asm-analysis-9.4.jar;c:\Users\a832439\.vscode\extensions\pivotal.vscode-spring-boot-1.43.0\language-server\BOOT-INF\lib\asm-tree-9.4.jar;c:\Users\a832439\.vscode\extensions\pivotal.vscode-spring-boot-1.43.0\language-server\BOOT-INF\lib\asm-util-9.4.jar;c:\Users\a832439\.vscode\extensions\pivotal.vscode-spring-boot-1.43.0\language-server\BOOT-INF\lib\caffeine-3.1.2.jar;c:\Users\a832439\.vscode\extensions\pivotal.vscode-spring-boot-1.43.0\language-server\BOOT-INF\lib\checker-qual-3.12.0.jar;c:\Users\a832439\.vscode\extensions\pivotal.vscode-spring-boot-1.43.0\language-server\BOOT-INF\lib\ci-environment-9.1.0.jar;c:\Users\a832439\.vscode\extensions\pivotal.vscode-spring-boot-1.43.0\language-server\BOOT-INF\lib\classgraph-4.8.149.jar;c:\Users\a832439\.vscode\extensions\pivotal.vscode-spring-boot-1.43.0
Launcher Type: SUN_STANDARD

[Global flags]
     intx CICompilerCount                          = 4                                         {product} {ergonomic}
     uint ConcGCThreads                            = 2                                         {product} {ergonomic}
     uint G1ConcRefinementThreads                  = 8                                         {product} {ergonomic}
   size_t G1HeapRegionSize                         = 1048576                                   {product} {ergonomic}
    uintx GCDrainStackTargetSize                   = 64                                        {product} {ergonomic}
   size_t InitialHeapSize                          = 132120576                                 {product} {ergonomic}
   size_t MarkStackSize                            = 4194304                                   {product} {ergonomic}
   size_t MaxHeapSize                              = 2088763392                                {product} {ergonomic}
   size_t MaxNewSize                               = 1253048320                                {product} {ergonomic}
   size_t MinHeapDeltaBytes                        = 1048576                                   {product} {ergonomic}
   size_t MinHeapSize                              = 8388608                                   {product} {ergonomic}
    uintx NonProfiledCodeHeapSize                  = 0                                      {pd product} {ergonomic}
     bool ProfileInterpreter                       = false                                  {pd product} {command line}
    uintx ProfiledCodeHeapSize                     = 0                                      {pd product} {ergonomic}
   size_t SoftMaxHeapSize                          = 2088763392                             {manageable} {ergonomic}
     intx TieredStopAtLevel                        = 1                                         {product} {command line}
     bool UseCompressedClassPointers               = true                           {product lp64_product} {ergonomic}
     bool UseCompressedOops                        = true                           {product lp64_product} {ergonomic}
     bool UseG1GC                                  = true                                      {product} {ergonomic}
     bool UseLargePagesIndividualAllocation        = false                                  {pd product} {ergonomic}

Logging:
Log output configuration:
 #0: stdout all=warning,jni+resolve=off uptime,level,tags
 #1: stderr all=off uptime,level,tags

Environment Variables:
JAVA_HOME=C:\Program Files\Java\jdk1.8.0_333
PATH=C:\Program Files\Common Files\Oracle\Java\javapath;"C:\Windows\System32;";"C:\Windows;";"C:\Windows\System32\Wbem;";"C:\Windows\System32;";"C:\Windows\System32\WindowsPowerShell\v1.0\;";"C:\Windows\System32\OpenSSH\;";"C:\Progra Files (x86)\Common Files\Pulse Secure\VC142.CRT\X64\;";"C:\Progra Files (x86)\Common Files\Pulse Secure\VC142.CRT\X86\;";"C:\Progra Files (x86)\Go\Bin;";"C:\Progra Files (x86)\Microsoft SQL Server\150\Tools\Binn\;";"C:\Program Files\Microsoft SQL Server\Client SDK\ODBC\170\Tools\Binn;";"C:\Program Files\dotnet\;";"C:\Program Files (x86)\dotnet\;";"C:\ProgramData\chocolatey\bin;";"C:\Users\a832439\AppData\Roaming\Cloud Foundry;";"C:\Program Files\Cloud Foundry;";"C:\Users\a832439\AppData\Roaming\nvm;";"C:\Users\a832439\AppData\Roaming\nvm;";"%JAVA_HOME%\bin;";"%GRADLE_HOME%\bin;";"%ANDROID_HOME%\tools;";"%ANDROID_HOME%\tools\bin;";"%ANDROID_HOME%\tools\platform-tools;";C:\Program Files (x86)\Google\Cloud SDK\google-cloud-sdk\bin;C:\Windows\System32;C:\Users\a832439\AppData\Local\Android\Sdk\emulator;C:\Python310;C:\Python310\Lib;"C:\Program Files\nodejs;";C:\Program Files\nodejs\node_modules\npm;C:\Program Files\dotnet\;C:\Program Files\nodejs;C:\eclipse - apache maven\apache-maven-3.8.6\bin;C:\Program Files\Cloud Foundry;C:\Users\a832439\AppData\Local\Android\Sdk\platform-tools;C:\Users\a832439\AppData\Roaming\nvm;C:\Program Files\MongoDB\Tools\100\bin;C:\Program Files\PowerShell\7\;C:\Program Files\MySQL\MySQL Shell 8.0\bin\;C:\Users\a832439\AppData\Local\Microsoft\WindowsApps;C:\Users\a832439\AppData\Local\Programs\Git\cmd;C:\Users\a832439\AppData\Local\Programs\Microsoft VS Code\bin;C:\Users\a832439\.dotnet\tools;C:\Smallworld434\product\bin\x86;C:\Smallworld434\product\etc\x86;C:\Users\a832439\AppData\Roaming\Cloud Foundry;C:\Users\a832439\AppData\Roaming\nvm;C:\Program Files\nodejs;C:\Program Files\Java\jdk1.8.0_333;C:\gradle\bin;C:\Windows\System32;C:\Users\a832439\AppData\Local\GitHubDesktop\bin;C:\Program Files\JetBrains\IntelliJ I
USERNAME=a832439
OS=Windows_NT
PROCESSOR_IDENTIFIER=Intel64 Family 6 Model 142 Stepping 12, GenuineIntel
TMP=C:\Users\a832439\AppData\Local\Temp
TEMP=C:\Users\a832439\AppData\Local\Temp



---------------  S Y S T E M  ---------------

OS:
 Windows 10 , 64 bit Build 19041 (10.0.19041.2364)
OS uptime: 0 days 13:49 hours
Hyper-V role detected

CPU: total 8 (initial active 8) (4 cores per cpu, 2 threads per core) family 6 model 142 stepping 12 microcode 0xde, cx8, cmov, fxsr, ht, mmx, 3dnowpref, sse, sse2, sse3, ssse3, sse4.1, sse4.2, popcnt, lzcnt, tsc, tscinvbit, avx, avx2, aes, erms, clmul, bmi1, bmi2, adx, fma, vzeroupper, clflush, clflushopt, hv

Memory: 4k page, system-wide physical 7965M (316M free)
TotalPageFile size 13965M (AvailPageFile size 6M)
current process WorkingSet (physical memory assigned to process): 330M, peak: 817M
current process commit charge ("private bytes"): 444M, peak: 870M

vm_info: OpenJDK 64-Bit Server VM (17.0.5+8) for windows-amd64 JRE (17.0.5+8), built on Oct 19 2022 04:48:13 by "temurin" with MS VC++ 16.7 (VS2019)

END.
